This is pdfTeX, Version 3.141592653-2.6-1.40.25 (TeX Live 2023) (preloaded format=pdflatex 2023.5.5)  25 MAY 2023 18:05
entering extended mode
 restricted \write18 enabled.
 file:line:error style messages enabled.
 %&-line parsing enabled.
**"c:/Users/pp01661/OneDrive - Alliance/Área de Trabalho/Entrega Final/MEM_DPE.tex"
(c:/Users/pp01661/OneDrive - Alliance/Área de Trabalho/Entrega Final/MEM_DPE.tex
LaTeX2e <2022-11-01> patch level 1
L3 programming layer <2023-04-20> (./packMEM/reportJM.cls
Document Class: packMEM/reportJM 2004/02/16 v1.4f Standard LaTeX document class
(c:/texlive/2023/texmf-dist/tex/latex/base/size11.clo
File: size11.clo 2022/07/02 v1.4n Standard LaTeX file (size option)
)
\c@part=\count185
\c@chapter=\count186
\c@section=\count187
\c@subsection=\count188
\c@subsubsection=\count189
\c@paragraph=\count190
\c@subparagraph=\count191
\c@figure=\count192
\c@table=\count193
\abovecaptionskip=\skip48
\belowcaptionskip=\skip49
\bibindent=\dimen140
) (./packMEM/DEMThesis.sty
Package: packMEM/DEMThesis 2022/05/22 v1.0 DEM thesis
 (c:/texlive/2023/texmf-dist/tex/latex/graphics/graphicx.sty
Package: graphicx 2021/09/16 v1.2d Enhanced LaTeX Graphics (DPC,SPQR)
 (c:/texlive/2023/texmf-dist/tex/latex/graphics/keyval.sty
Package: keyval 2022/05/29 v1.15 key=value parser (DPC)
\KV@toks@=\toks16
) (c:/texlive/2023/texmf-dist/tex/latex/graphics/graphics.sty
Package: graphics 2022/03/10 v1.4e Standard LaTeX Graphics (DPC,SPQR)
 (c:/texlive/2023/texmf-dist/tex/latex/graphics/trig.sty
Package: trig 2021/08/11 v1.11 sin cos tan (DPC)
) (c:/texlive/2023/texmf-dist/tex/latex/graphics-cfg/graphics.cfg
File: graphics.cfg 2016/06/04 v1.11 sample graphics configuration
)
Package graphics Info: Driver file: pdftex.def on input line 107.
 (c:/texlive/2023/texmf-dist/tex/latex/graphics-def/pdftex.def
File: pdftex.def 2022/09/22 v1.2b Graphics/color driver for pdftex
))
\Gin@req@height=\dimen141
\Gin@req@width=\dimen142
) (c:/texlive/2023/texmf-dist/tex/latex/graphics/color.sty
Package: color 2022/01/06 v1.3d Standard LaTeX Color (DPC)
 (c:/texlive/2023/texmf-dist/tex/latex/graphics-cfg/color.cfg
File: color.cfg 2016/01/02 v1.6 sample color configuration
)
Package color Info: Driver file: pdftex.def on input line 149.
 (c:/texlive/2023/texmf-dist/tex/latex/graphics/mathcolor.ltx)) (c:/texlive/2023/texmf-dist/tex/latex/a4wide/a4wide.sty
Package: a4wide 1994/08/30
 (c:/texlive/2023/texmf-dist/tex/latex/ntgclass/a4.sty
Package: a4 2023/01/10 v1.2g A4 based page layout
)) (c:/texlive/2023/texmf-dist/tex/latex/adjustbox/adjustbox.sty
Package: adjustbox 2022/10/17 v1.3a Adjusting TeX boxes (trim, clip, ...)
 (c:/texlive/2023/texmf-dist/tex/latex/xkeyval/xkeyval.sty
Package: xkeyval 2022/06/16 v2.9 package option processing (HA)
 (c:/texlive/2023/texmf-dist/tex/generic/xkeyval/xkeyval.tex (c:/texlive/2023/texmf-dist/tex/generic/xkeyval/xkvutils.tex
\XKV@toks=\toks17
\XKV@tempa@toks=\toks18
)
\XKV@depth=\count194
File: xkeyval.tex 2014/12/03 v2.7a key=value parser (HA)
)) (c:/texlive/2023/texmf-dist/tex/latex/adjustbox/adjcalc.sty
Package: adjcalc 2012/05/16 v1.1 Provides advanced setlength with multiple back-ends (calc, etex, pgfmath)
) (c:/texlive/2023/texmf-dist/tex/latex/adjustbox/trimclip.sty
Package: trimclip 2020/08/19 v1.2 Trim and clip general TeX material
 (c:/texlive/2023/texmf-dist/tex/latex/collectbox/collectbox.sty
Package: collectbox 2022/10/17 v0.4c Collect macro arguments as boxes
\collectedbox=\box51
)
\tc@llx=\dimen143
\tc@lly=\dimen144
\tc@urx=\dimen145
\tc@ury=\dimen146
Package trimclip Info: Using driver 'tc-pdftex.def'.
 (c:/texlive/2023/texmf-dist/tex/latex/adjustbox/tc-pdftex.def
File: tc-pdftex.def 2019/01/04 v2.2 Clipping driver for pdftex
))
\adjbox@Width=\dimen147
\adjbox@Height=\dimen148
\adjbox@Depth=\dimen149
\adjbox@Totalheight=\dimen150
\adjbox@pwidth=\dimen151
\adjbox@pheight=\dimen152
\adjbox@pdepth=\dimen153
\adjbox@ptotalheight=\dimen154
 (c:/texlive/2023/texmf-dist/tex/latex/ifoddpage/ifoddpage.sty
Package: ifoddpage 2022/10/18 v1.2 Conditionals for odd/even page detection
\c@checkoddpage=\count195
) (c:/texlive/2023/texmf-dist/tex/latex/varwidth/varwidth.sty
Package: varwidth 2009/03/30 ver 0.92;  Variable-width minipages
\@vwid@box=\box52
\sift@deathcycles=\count196
\@vwid@loff=\dimen155
\@vwid@roff=\dimen156
)) (c:/texlive/2023/texmf-dist/tex/latex/xcolor/xcolor.sty
Package: xcolor 2022/06/12 v2.14 LaTeX color extensions (UK)
 (c:/texlive/2023/texmf-dist/tex/latex/graphics-cfg/color.cfg
File: color.cfg 2016/01/02 v1.6 sample color configuration
)
Package xcolor Info: Driver file: pdftex.def on input line 227.
LaTeX Info: Redefining \color on input line 711.
 (c:/texlive/2023/texmf-dist/tex/latex/graphics/mathcolor.ltx)
Package xcolor Info: Model `cmy' substituted by `cmy0' on input line 1353.
Package xcolor Info: Model `hsb' substituted by `rgb' on input line 1357.
Package xcolor Info: Model `RGB' extended on input line 1369.
Package xcolor Info: Model `HTML' substituted by `rgb' on input line 1371.
Package xcolor Info: Model `Hsb' substituted by `hsb' on input line 1372.
Package xcolor Info: Model `tHsb' substituted by `hsb' on input line 1373.
Package xcolor Info: Model `HSB' substituted by `hsb' on input line 1374.
Package xcolor Info: Model `Gray' substituted by `gray' on input line 1375.
Package xcolor Info: Model `wave' substituted by `hsb' on input line 1376.
 (c:/texlive/2023/texmf-dist/tex/latex/graphics/dvipsnam.def
File: dvipsnam.def 2016/06/17 v3.0m Driver-dependent file (DPC,SPQR)
))) (./packMEM/MEM22_preambulo.sty
Package: packMEM/MEM22_preambulo 2022/05/22 v1.0 MEM thesis
 (c:/texlive/2023/texmf-dist/tex/latex/base/inputenc.sty
Package: inputenc 2021/02/14 v1.3d Input encoding file
\inpenc@prehook=\toks19
\inpenc@posthook=\toks20
) (c:/texlive/2023/texmf-dist/tex/latex/amsfonts/amssymb.sty
Package: amssymb 2013/01/14 v3.01 AMS font symbols
 (c:/texlive/2023/texmf-dist/tex/latex/amsfonts/amsfonts.sty
Package: amsfonts 2013/01/14 v3.01 Basic AMSFonts support
\@emptytoks=\toks21
\symAMSa=\mathgroup4
\symAMSb=\mathgroup5
LaTeX Font Info:    Redeclaring math symbol \hbar on input line 98.
LaTeX Font Info:    Overwriting math alphabet `\mathfrak' in version `bold'
(Font)                  U/euf/m/n --> U/euf/b/n on input line 106.
)) (c:/texlive/2023/texmf-dist/tex/latex/hyperref/hyperref.sty
Package: hyperref 2023-04-22 v7.00x Hypertext links for LaTeX
 (c:/texlive/2023/texmf-dist/tex/generic/ltxcmds/ltxcmds.sty
Package: ltxcmds 2020-05-10 v1.25 LaTeX kernel commands for general use (HO)
) (c:/texlive/2023/texmf-dist/tex/generic/iftex/iftex.sty
Package: iftex 2022/02/03 v1.0f TeX engine tests
) (c:/texlive/2023/texmf-dist/tex/generic/pdftexcmds/pdftexcmds.sty
Package: pdftexcmds 2020-06-27 v0.33 Utility functions of pdfTeX for LuaTeX (HO)
 (c:/texlive/2023/texmf-dist/tex/generic/infwarerr/infwarerr.sty
Package: infwarerr 2019/12/03 v1.5 Providing info/warning/error messages (HO)
)
Package pdftexcmds Info: \pdf@primitive is available.
Package pdftexcmds Info: \pdf@ifprimitive is available.
Package pdftexcmds Info: \pdfdraftmode found.
) (c:/texlive/2023/texmf-dist/tex/latex/kvsetkeys/kvsetkeys.sty
Package: kvsetkeys 2022-10-05 v1.19 Key value parser (HO)
) (c:/texlive/2023/texmf-dist/tex/generic/kvdefinekeys/kvdefinekeys.sty
Package: kvdefinekeys 2019-12-19 v1.6 Define keys (HO)
) (c:/texlive/2023/texmf-dist/tex/generic/pdfescape/pdfescape.sty
Package: pdfescape 2019/12/09 v1.15 Implements pdfTeX's escape features (HO)
) (c:/texlive/2023/texmf-dist/tex/latex/hycolor/hycolor.sty
Package: hycolor 2020-01-27 v1.10 Color options for hyperref/bookmark (HO)
) (c:/texlive/2023/texmf-dist/tex/latex/letltxmacro/letltxmacro.sty
Package: letltxmacro 2019/12/03 v1.6 Let assignment for LaTeX macros (HO)
) (c:/texlive/2023/texmf-dist/tex/latex/auxhook/auxhook.sty
Package: auxhook 2019-12-17 v1.6 Hooks for auxiliary files (HO)
) (c:/texlive/2023/texmf-dist/tex/latex/hyperref/nameref.sty
Package: nameref 2022-05-17 v2.50 Cross-referencing by name of section
 (c:/texlive/2023/texmf-dist/tex/latex/refcount/refcount.sty
Package: refcount 2019/12/15 v3.6 Data extraction from label references (HO)
) (c:/texlive/2023/texmf-dist/tex/generic/gettitlestring/gettitlestring.sty
Package: gettitlestring 2019/12/15 v1.6 Cleanup title references (HO)
 (c:/texlive/2023/texmf-dist/tex/latex/kvoptions/kvoptions.sty
Package: kvoptions 2022-06-15 v3.15 Key value format for package options (HO)
))
\c@section@level=\count197
) (c:/texlive/2023/texmf-dist/tex/latex/etoolbox/etoolbox.sty
Package: etoolbox 2020/10/05 v2.5k e-TeX tools for LaTeX (JAW)
\etb@tempcnta=\count198
)
\@linkdim=\dimen157
\Hy@linkcounter=\count199
\Hy@pagecounter=\count266
 (c:/texlive/2023/texmf-dist/tex/latex/hyperref/pd1enc.def
File: pd1enc.def 2023-04-22 v7.00x Hyperref: PDFDocEncoding definition (HO)
Now handling font encoding PD1 ...
... no UTF-8 mapping file for font encoding PD1
) (c:/texlive/2023/texmf-dist/tex/generic/intcalc/intcalc.sty
Package: intcalc 2019/12/15 v1.3 Expandable calculations with integers (HO)
)
\Hy@SavedSpaceFactor=\count267
 (c:/texlive/2023/texmf-dist/tex/latex/hyperref/puenc.def
File: puenc.def 2023-04-22 v7.00x Hyperref: PDF Unicode definition (HO)
Now handling font encoding PU ...
... no UTF-8 mapping file for font encoding PU
)
Package hyperref Info: Hyper figures OFF on input line 4182.
Package hyperref Info: Link nesting OFF on input line 4187.
Package hyperref Info: Hyper index ON on input line 4190.
Package hyperref Info: Plain pages OFF on input line 4197.
Package hyperref Info: Backreferencing OFF on input line 4202.
Package hyperref Info: Implicit mode ON; LaTeX internals redefined.
Package hyperref Info: Bookmarks ON on input line 4449.
\c@Hy@tempcnt=\count268
 (c:/texlive/2023/texmf-dist/tex/latex/url/url.sty
\Urlmuskip=\muskip16
Package: url 2013/09/16  ver 3.4  Verb mode for urls, etc.
)
LaTeX Info: Redefining \url on input line 4787.
\XeTeXLinkMargin=\dimen158
 (c:/texlive/2023/texmf-dist/tex/generic/bitset/bitset.sty
Package: bitset 2019/12/09 v1.3 Handle bit-vector datatype (HO)
 (c:/texlive/2023/texmf-dist/tex/generic/bigintcalc/bigintcalc.sty
Package: bigintcalc 2019/12/15 v1.5 Expandable calculations on big integers (HO)
))
\Fld@menulength=\count269
\Field@Width=\dimen159
\Fld@charsize=\dimen160
Package hyperref Info: Hyper figures OFF on input line 6066.
Package hyperref Info: Link nesting OFF on input line 6071.
Package hyperref Info: Hyper index ON on input line 6074.
Package hyperref Info: backreferencing OFF on input line 6081.
Package hyperref Info: Link coloring OFF on input line 6086.
Package hyperref Info: Link coloring with OCG OFF on input line 6091.
Package hyperref Info: PDF/A mode OFF on input line 6096.
 (c:/texlive/2023/texmf-dist/tex/latex/base/atbegshi-ltx.sty
Package: atbegshi-ltx 2021/01/10 v1.0c Emulation of the original atbegshi
package with kernel methods
)
\Hy@abspage=\count270
\c@Item=\count271
\c@Hfootnote=\count272
)
Package hyperref Info: Driver (autodetected): hpdftex.
 (c:/texlive/2023/texmf-dist/tex/latex/hyperref/hpdftex.def
File: hpdftex.def 2023-04-22 v7.00x Hyperref driver for pdfTeX
 (c:/texlive/2023/texmf-dist/tex/latex/base/atveryend-ltx.sty
Package: atveryend-ltx 2020/08/19 v1.0a Emulation of the original atveryend package
with kernel methods
)
\Fld@listcount=\count273
\c@bookmark@seq@number=\count274
 (c:/texlive/2023/texmf-dist/tex/latex/rerunfilecheck/rerunfilecheck.sty
Package: rerunfilecheck 2022-07-10 v1.10 Rerun checks for auxiliary files (HO)
 (c:/texlive/2023/texmf-dist/tex/generic/uniquecounter/uniquecounter.sty
Package: uniquecounter 2019/12/15 v1.4 Provide unlimited unique counter (HO)
)
Package uniquecounter Info: New unique counter `rerunfilecheck' on input line 285.
)
\Hy@SectionHShift=\skip50
) (c:/texlive/2023/texmf-dist/tex/latex/base/textcomp.sty
Package: textcomp 2020/02/02 v2.0n Standard LaTeX package
) (c:/texlive/2023/texmf-dist/tex/latex/fancyhdr/fancyhdr.sty
Package: fancyhdr 2022/11/09 v4.1 Extensive control of page headers and footers
\f@nch@headwidth=\skip51
\f@nch@O@elh=\skip52
\f@nch@O@erh=\skip53
\f@nch@O@olh=\skip54
\f@nch@O@orh=\skip55
\f@nch@O@elf=\skip56
\f@nch@O@erf=\skip57
\f@nch@O@olf=\skip58
\f@nch@O@orf=\skip59
) (c:/texlive/2023/texmf-dist/tex/latex/graphics/epsfig.sty
Package: epsfig 2017/06/25 v1.7b (e)psfig emulation (SPQR)
\epsfxsize=\dimen161
\epsfysize=\dimen162
) (c:/texlive/2023/texmf-dist/tex/latex/multirow/multirow.sty
Package: multirow 2021/03/15 v2.8 Span multiple rows of a table
\multirow@colwidth=\skip60
\multirow@cntb=\count275
\multirow@dima=\skip61
\bigstrutjot=\dimen163
) (c:/texlive/2023/texmf-dist/tex/latex/tools/layout.sty
Package: layout 2021-03-10 v1.2e Show layout parameters
\oneinch=\count276
\cnt@paperwidth=\count277
\cnt@paperheight=\count278
\cnt@hoffset=\count279
\cnt@voffset=\count280
\cnt@textheight=\count281
\cnt@textwidth=\count282
\cnt@topmargin=\count283
\cnt@oddsidemargin=\count284
\cnt@evensidemargin=\count285
\cnt@headheight=\count286
\cnt@headsep=\count287
\cnt@marginparsep=\count288
\cnt@marginparwidth=\count289
\cnt@marginparpush=\count290
\cnt@footskip=\count291
\fheight=\count292
\ref@top=\count293
\ref@hoffset=\count294
\ref@voffset=\count295
\ref@head=\count296
\ref@body=\count297
\ref@foot=\count298
\ref@margin=\count299
\ref@marginwidth=\count300
\ref@marginpar=\count301
\Interval=\count302
\ExtraYPos=\count303
\PositionX=\count304
\PositionY=\count305
\ArrowLength=\count306
) (c:/texlive/2023/texmf-dist/tex/latex/cite/cite.sty
LaTeX Info: Redefining \cite on input line 302.
LaTeX Info: Redefining \nocite on input line 332.
Package: cite 2015/02/27  v 5.5
) (c:/texlive/2023/texmf-dist/tex/latex/tools/longtable.sty
Package: longtable 2021-09-01 v4.17 Multi-page Table package (DPC)
\LTleft=\skip62
\LTright=\skip63
\LTpre=\skip64
\LTpost=\skip65
\LTchunksize=\count307
\LTcapwidth=\dimen164
\LT@head=\box53
\LT@firsthead=\box54
\LT@foot=\box55
\LT@lastfoot=\box56
\LT@gbox=\box57
\LT@cols=\count308
\LT@rows=\count309
\c@LT@tables=\count310
\c@LT@chunks=\count311
\LT@p@ftn=\toks22
) (c:/texlive/2023/texmf-dist/tex/generic/xstring/xstring.sty (c:/texlive/2023/texmf-dist/tex/generic/xstring/xstring.tex
\integerpart=\count312
\decimalpart=\count313
)
Package: xstring 2023/01/14 v1.85 String manipulations (CT)
) (c:/texlive/2023/texmf-dist/tex/latex/caption/caption.sty
Package: caption 2023/03/12 v3.6j Customizing captions (AR)
 (c:/texlive/2023/texmf-dist/tex/latex/caption/caption3.sty
Package: caption3 2023/03/12 v2.4 caption3 kernel (AR)
\caption@tempdima=\dimen165
\captionmargin=\dimen166
\caption@leftmargin=\dimen167
\caption@rightmargin=\dimen168
\caption@width=\dimen169
\caption@indent=\dimen170
\caption@parindent=\dimen171
\caption@hangindent=\dimen172
Package caption Info: Standard document class detected.
)
\c@caption@flags=\count314
\c@continuedfloat=\count315
Package caption Info: hyperref package is loaded.
Package caption Info: longtable package is loaded.
 (c:/texlive/2023/texmf-dist/tex/latex/caption/ltcaption.sty
Package: ltcaption 2021/01/08 v1.4c longtable captions (AR)
)) (c:/texlive/2023/texmf-dist/tex/latex/caption/subcaption.sty
Package: subcaption 2023/02/19 v1.6 Sub-captions (AR)
Package caption Info: New subtype `subfigure' on input line 239.
\c@subfigure=\count316
Package caption Info: New subtype `subtable' on input line 239.
\c@subtable=\count317
) (c:/texlive/2023/texmf-dist/tex/latex/siunitx/siunitx.sty
Package: siunitx 2023-04-13 v3.2.5 A comprehensive (SI) units package
\l__siunitx_angle_tmp_dim=\dimen173
\l__siunitx_angle_marker_box=\box58
\l__siunitx_angle_unit_box=\box59
\l__siunitx_compound_count_int=\count318
 (c:/texlive/2023/texmf-dist/tex/latex/translations/translations.sty
Package: translations 2022/02/05 v1.12 internationalization of LaTeX2e packages (CN)
)
\l__siunitx_number_exponent_fixed_int=\count319
\l__siunitx_number_min_decimal_int=\count320
\l__siunitx_number_min_integer_int=\count321
\l__siunitx_number_round_precision_int=\count322
\l__siunitx_number_lower_threshold_int=\count323
\l__siunitx_number_upper_threshold_int=\count324
\l__siunitx_number_group_first_int=\count325
\l__siunitx_number_group_size_int=\count326
\l__siunitx_number_group_minimum_int=\count327
 (c:/texlive/2023/texmf-dist/tex/latex/amsmath/amstext.sty
Package: amstext 2021/08/26 v2.01 AMS text
 (c:/texlive/2023/texmf-dist/tex/latex/amsmath/amsgen.sty
File: amsgen.sty 1999/11/30 v2.0 generic functions
\@emptytoks=\toks23
\ex@=\dimen174
))
\l__siunitx_table_tmp_box=\box60
\l__siunitx_table_tmp_dim=\dimen175
\l__siunitx_table_column_width_dim=\dimen176
\l__siunitx_table_integer_box=\box61
\l__siunitx_table_decimal_box=\box62
\l__siunitx_table_uncert_box=\box63
\l__siunitx_table_before_box=\box64
\l__siunitx_table_after_box=\box65
\l__siunitx_table_before_dim=\dimen177
\l__siunitx_table_carry_dim=\dimen178
\l__siunitx_unit_tmp_int=\count328
\l__siunitx_unit_position_int=\count329
\l__siunitx_unit_total_int=\count330
 (c:/texlive/2023/texmf-dist/tex/latex/tools/array.sty
Package: array 2022/09/04 v2.5g Tabular extension package (FMi)
\col@sep=\dimen179
\ar@mcellbox=\box66
\extrarowheight=\dimen180
\NC@list=\toks24
\extratabsurround=\skip66
\backup@length=\skip67
\ar@cellbox=\box67
)) (c:/texlive/2023/texmf-dist/tex/latex/graphics/lscape.sty
Package: lscape 2020/05/28 v3.02 Landscape Pages (DPC)
) (c:/texlive/2023/texmf-dist/tex/latex/tools/indentfirst.sty
Package: indentfirst 1995/11/23 v1.03 Indent first paragraph (DPC)
) (c:/texlive/2023/texmf-dist/tex/latex/float/float.sty
Package: float 2001/11/08 v1.3d Float enhancements (AL)
\c@float@type=\count331
\float@exts=\toks25
\float@box=\box68
\@float@everytoks=\toks26
\@floatcapt=\box69
) (c:/texlive/2023/texmf-dist/tex/latex/makecell/makecell.sty
Package: makecell 2009/08/03 V0.1e Managing of Tab Column Heads and Cells
\rotheadsize=\dimen181
\c@nlinenum=\count332
\TeXr@lab=\toks27
) (c:/texlive/2023/texmf-dist/tex/latex/pgfplots/pgfplots.sty (c:/texlive/2023/texmf-dist/tex/generic/pgfplots/pgfplots.revision.tex)
Package: pgfplots 2021/05/15 v1.18.1 Data Visualization (1.18.1)
 (c:/texlive/2023/texmf-dist/tex/latex/pgf/frontendlayer/tikz.sty (c:/texlive/2023/texmf-dist/tex/latex/pgf/basiclayer/pgf.sty (c:/texlive/2023/texmf-dist/tex/latex/pgf/utilities/pgfrcs.sty (c:/texlive/2023/texmf-dist/tex/generic/pgf/utilities/pgfutil-common.tex
\pgfutil@everybye=\toks28
\pgfutil@tempdima=\dimen182
\pgfutil@tempdimb=\dimen183
) (c:/texlive/2023/texmf-dist/tex/generic/pgf/utilities/pgfutil-latex.def
\pgfutil@abb=\box70
) (c:/texlive/2023/texmf-dist/tex/generic/pgf/utilities/pgfrcs.code.tex (c:/texlive/2023/texmf-dist/tex/generic/pgf/pgf.revision.tex)
Package: pgfrcs 2023-01-15 v3.1.10 (3.1.10)
))
Package: pgf 2023-01-15 v3.1.10 (3.1.10)
 (c:/texlive/2023/texmf-dist/tex/latex/pgf/basiclayer/pgfcore.sty (c:/texlive/2023/texmf-dist/tex/latex/pgf/systemlayer/pgfsys.sty (c:/texlive/2023/texmf-dist/tex/generic/pgf/systemlayer/pgfsys.code.tex
Package: pgfsys 2023-01-15 v3.1.10 (3.1.10)
 (c:/texlive/2023/texmf-dist/tex/generic/pgf/utilities/pgfkeys.code.tex
\pgfkeys@pathtoks=\toks29
\pgfkeys@temptoks=\toks30
 (c:/texlive/2023/texmf-dist/tex/generic/pgf/utilities/pgfkeyslibraryfiltered.code.tex
\pgfkeys@tmptoks=\toks31
))
\pgf@x=\dimen184
\pgf@y=\dimen185
\pgf@xa=\dimen186
\pgf@ya=\dimen187
\pgf@xb=\dimen188
\pgf@yb=\dimen189
\pgf@xc=\dimen190
\pgf@yc=\dimen191
\pgf@xd=\dimen192
\pgf@yd=\dimen193
\w@pgf@writea=\write3
\r@pgf@reada=\read2
\c@pgf@counta=\count333
\c@pgf@countb=\count334
\c@pgf@countc=\count335
\c@pgf@countd=\count336
\t@pgf@toka=\toks32
\t@pgf@tokb=\toks33
\t@pgf@tokc=\toks34
\pgf@sys@id@count=\count337
 (c:/texlive/2023/texmf-dist/tex/generic/pgf/systemlayer/pgf.cfg
File: pgf.cfg 2023-01-15 v3.1.10 (3.1.10)
)
Driver file for pgf: pgfsys-pdftex.def
 (c:/texlive/2023/texmf-dist/tex/generic/pgf/systemlayer/pgfsys-pdftex.def
File: pgfsys-pdftex.def 2023-01-15 v3.1.10 (3.1.10)
 (c:/texlive/2023/texmf-dist/tex/generic/pgf/systemlayer/pgfsys-common-pdf.def
File: pgfsys-common-pdf.def 2023-01-15 v3.1.10 (3.1.10)
))) (c:/texlive/2023/texmf-dist/tex/generic/pgf/systemlayer/pgfsyssoftpath.code.tex
File: pgfsyssoftpath.code.tex 2023-01-15 v3.1.10 (3.1.10)
\pgfsyssoftpath@smallbuffer@items=\count338
\pgfsyssoftpath@bigbuffer@items=\count339
) (c:/texlive/2023/texmf-dist/tex/generic/pgf/systemlayer/pgfsysprotocol.code.tex
File: pgfsysprotocol.code.tex 2023-01-15 v3.1.10 (3.1.10)
)) (c:/texlive/2023/texmf-dist/tex/generic/pgf/basiclayer/pgfcore.code.tex
Package: pgfcore 2023-01-15 v3.1.10 (3.1.10)
 (c:/texlive/2023/texmf-dist/tex/generic/pgf/math/pgfmath.code.tex (c:/texlive/2023/texmf-dist/tex/generic/pgf/math/pgfmathutil.code.tex) (c:/texlive/2023/texmf-dist/tex/generic/pgf/math/pgfmathparser.code.tex
\pgfmath@dimen=\dimen194
\pgfmath@count=\count340
\pgfmath@box=\box71
\pgfmath@toks=\toks35
\pgfmath@stack@operand=\toks36
\pgfmath@stack@operation=\toks37
) (c:/texlive/2023/texmf-dist/tex/generic/pgf/math/pgfmathfunctions.code.tex) (c:/texlive/2023/texmf-dist/tex/generic/pgf/math/pgfmathfunctions.basic.code.tex) (c:/texlive/2023/texmf-dist/tex/generic/pgf/math/pgfmathfunctions.trigonometric.code.tex) (c:/texlive/2023/texmf-dist/tex/generic/pgf/math/pgfmathfunctions.random.code.tex) (c:/texlive/2023/texmf-dist/tex/generic/pgf/math/pgfmathfunctions.comparison.code.tex) (c:/texlive/2023/texmf-dist/tex/generic/pgf/math/pgfmathfunctions.base.code.tex) (c:/texlive/2023/texmf-dist/tex/generic/pgf/math/pgfmathfunctions.round.code.tex) (c:/texlive/2023/texmf-dist/tex/generic/pgf/math/pgfmathfunctions.misc.code.tex) (c:/texlive/2023/texmf-dist/tex/generic/pgf/math/pgfmathfunctions.integerarithmetics.code.tex) (c:/texlive/2023/texmf-dist/tex/generic/pgf/math/pgfmathcalc.code.tex) (c:/texlive/2023/texmf-dist/tex/generic/pgf/math/pgfmathfloat.code.tex
\c@pgfmathroundto@lastzeros=\count341
)) (c:/texlive/2023/texmf-dist/tex/generic/pgf/math/pgfint.code.tex) (c:/texlive/2023/texmf-dist/tex/generic/pgf/basiclayer/pgfcorepoints.code.tex
File: pgfcorepoints.code.tex 2023-01-15 v3.1.10 (3.1.10)
\pgf@picminx=\dimen195
\pgf@picmaxx=\dimen196
\pgf@picminy=\dimen197
\pgf@picmaxy=\dimen198
\pgf@pathminx=\dimen199
\pgf@pathmaxx=\dimen256
\pgf@pathminy=\dimen257
\pgf@pathmaxy=\dimen258
\pgf@xx=\dimen259
\pgf@xy=\dimen260
\pgf@yx=\dimen261
\pgf@yy=\dimen262
\pgf@zx=\dimen263
\pgf@zy=\dimen264
) (c:/texlive/2023/texmf-dist/tex/generic/pgf/basiclayer/pgfcorepathconstruct.code.tex
File: pgfcorepathconstruct.code.tex 2023-01-15 v3.1.10 (3.1.10)
\pgf@path@lastx=\dimen265
\pgf@path@lasty=\dimen266
) (c:/texlive/2023/texmf-dist/tex/generic/pgf/basiclayer/pgfcorepathusage.code.tex
File: pgfcorepathusage.code.tex 2023-01-15 v3.1.10 (3.1.10)
\pgf@shorten@end@additional=\dimen267
\pgf@shorten@start@additional=\dimen268
) (c:/texlive/2023/texmf-dist/tex/generic/pgf/basiclayer/pgfcorescopes.code.tex
File: pgfcorescopes.code.tex 2023-01-15 v3.1.10 (3.1.10)
\pgfpic=\box72
\pgf@hbox=\box73
\pgf@layerbox@main=\box74
\pgf@picture@serial@count=\count342
) (c:/texlive/2023/texmf-dist/tex/generic/pgf/basiclayer/pgfcoregraphicstate.code.tex
File: pgfcoregraphicstate.code.tex 2023-01-15 v3.1.10 (3.1.10)
\pgflinewidth=\dimen269
) (c:/texlive/2023/texmf-dist/tex/generic/pgf/basiclayer/pgfcoretransformations.code.tex
File: pgfcoretransformations.code.tex 2023-01-15 v3.1.10 (3.1.10)
\pgf@pt@x=\dimen270
\pgf@pt@y=\dimen271
\pgf@pt@temp=\dimen272
) (c:/texlive/2023/texmf-dist/tex/generic/pgf/basiclayer/pgfcorequick.code.tex
File: pgfcorequick.code.tex 2023-01-15 v3.1.10 (3.1.10)
) (c:/texlive/2023/texmf-dist/tex/generic/pgf/basiclayer/pgfcoreobjects.code.tex
File: pgfcoreobjects.code.tex 2023-01-15 v3.1.10 (3.1.10)
) (c:/texlive/2023/texmf-dist/tex/generic/pgf/basiclayer/pgfcorepathprocessing.code.tex
File: pgfcorepathprocessing.code.tex 2023-01-15 v3.1.10 (3.1.10)
) (c:/texlive/2023/texmf-dist/tex/generic/pgf/basiclayer/pgfcorearrows.code.tex
File: pgfcorearrows.code.tex 2023-01-15 v3.1.10 (3.1.10)
\pgfarrowsep=\dimen273
) (c:/texlive/2023/texmf-dist/tex/generic/pgf/basiclayer/pgfcoreshade.code.tex
File: pgfcoreshade.code.tex 2023-01-15 v3.1.10 (3.1.10)
\pgf@max=\dimen274
\pgf@sys@shading@range@num=\count343
\pgf@shadingcount=\count344
) (c:/texlive/2023/texmf-dist/tex/generic/pgf/basiclayer/pgfcoreimage.code.tex
File: pgfcoreimage.code.tex 2023-01-15 v3.1.10 (3.1.10)
) (c:/texlive/2023/texmf-dist/tex/generic/pgf/basiclayer/pgfcoreexternal.code.tex
File: pgfcoreexternal.code.tex 2023-01-15 v3.1.10 (3.1.10)
\pgfexternal@startupbox=\box75
) (c:/texlive/2023/texmf-dist/tex/generic/pgf/basiclayer/pgfcorelayers.code.tex
File: pgfcorelayers.code.tex 2023-01-15 v3.1.10 (3.1.10)
) (c:/texlive/2023/texmf-dist/tex/generic/pgf/basiclayer/pgfcoretransparency.code.tex
File: pgfcoretransparency.code.tex 2023-01-15 v3.1.10 (3.1.10)
) (c:/texlive/2023/texmf-dist/tex/generic/pgf/basiclayer/pgfcorepatterns.code.tex
File: pgfcorepatterns.code.tex 2023-01-15 v3.1.10 (3.1.10)
) (c:/texlive/2023/texmf-dist/tex/generic/pgf/basiclayer/pgfcorerdf.code.tex
File: pgfcorerdf.code.tex 2023-01-15 v3.1.10 (3.1.10)
))) (c:/texlive/2023/texmf-dist/tex/generic/pgf/modules/pgfmoduleshapes.code.tex
File: pgfmoduleshapes.code.tex 2023-01-15 v3.1.10 (3.1.10)
\pgfnodeparttextbox=\box76
) (c:/texlive/2023/texmf-dist/tex/generic/pgf/modules/pgfmoduleplot.code.tex
File: pgfmoduleplot.code.tex 2023-01-15 v3.1.10 (3.1.10)
) (c:/texlive/2023/texmf-dist/tex/latex/pgf/compatibility/pgfcomp-version-0-65.sty
Package: pgfcomp-version-0-65 2023-01-15 v3.1.10 (3.1.10)
\pgf@nodesepstart=\dimen275
\pgf@nodesepend=\dimen276
) (c:/texlive/2023/texmf-dist/tex/latex/pgf/compatibility/pgfcomp-version-1-18.sty
Package: pgfcomp-version-1-18 2023-01-15 v3.1.10 (3.1.10)
)) (c:/texlive/2023/texmf-dist/tex/latex/pgf/utilities/pgffor.sty (c:/texlive/2023/texmf-dist/tex/latex/pgf/utilities/pgfkeys.sty (c:/texlive/2023/texmf-dist/tex/generic/pgf/utilities/pgfkeys.code.tex)) (c:/texlive/2023/texmf-dist/tex/latex/pgf/math/pgfmath.sty (c:/texlive/2023/texmf-dist/tex/generic/pgf/math/pgfmath.code.tex)) (c:/texlive/2023/texmf-dist/tex/generic/pgf/utilities/pgffor.code.tex
Package: pgffor 2023-01-15 v3.1.10 (3.1.10)
\pgffor@iter=\dimen277
\pgffor@skip=\dimen278
\pgffor@stack=\toks38
\pgffor@toks=\toks39
)) (c:/texlive/2023/texmf-dist/tex/generic/pgf/frontendlayer/tikz/tikz.code.tex
Package: tikz 2023-01-15 v3.1.10 (3.1.10)
 (c:/texlive/2023/texmf-dist/tex/generic/pgf/libraries/pgflibraryplothandlers.code.tex
File: pgflibraryplothandlers.code.tex 2023-01-15 v3.1.10 (3.1.10)
\pgf@plot@mark@count=\count345
\pgfplotmarksize=\dimen279
)
\tikz@lastx=\dimen280
\tikz@lasty=\dimen281
\tikz@lastxsaved=\dimen282
\tikz@lastysaved=\dimen283
\tikz@lastmovetox=\dimen284
\tikz@lastmovetoy=\dimen285
\tikzleveldistance=\dimen286
\tikzsiblingdistance=\dimen287
\tikz@figbox=\box77
\tikz@figbox@bg=\box78
\tikz@tempbox=\box79
\tikz@tempbox@bg=\box80
\tikztreelevel=\count346
\tikznumberofchildren=\count347
\tikznumberofcurrentchild=\count348
\tikz@fig@count=\count349
 (c:/texlive/2023/texmf-dist/tex/generic/pgf/modules/pgfmodulematrix.code.tex
File: pgfmodulematrix.code.tex 2023-01-15 v3.1.10 (3.1.10)
\pgfmatrixcurrentrow=\count350
\pgfmatrixcurrentcolumn=\count351
\pgf@matrix@numberofcolumns=\count352
)
\tikz@expandcount=\count353
 (c:/texlive/2023/texmf-dist/tex/generic/pgf/frontendlayer/tikz/libraries/tikzlibrarytopaths.code.tex
File: tikzlibrarytopaths.code.tex 2023-01-15 v3.1.10 (3.1.10)
))) (c:/texlive/2023/texmf-dist/tex/generic/pgfplots/pgfplots.code.tex (c:/texlive/2023/texmf-dist/tex/generic/pgfplots/pgfplotscore.code.tex
\t@pgfplots@toka=\toks40
\t@pgfplots@tokb=\toks41
\t@pgfplots@tokc=\toks42
\pgfplots@tmpa=\dimen288
\c@pgfplots@coordindex=\count354
\c@pgfplots@scanlineindex=\count355

(c:/texlive/2023/texmf-dist/tex/generic/pgfplots/sys/pgfplotssysgeneric.code.tex)) (c:/texlive/2023/texmf-dist/tex/generic/pgfplots/libs/pgfplotslibrary.code.tex) (c:/texlive/2023/texmf-dist/tex/generic/pgfplots/oldpgfcompatib/pgfplotsoldpgfsupp_loader.code.tex (c:/texlive/2023/texmf-dist/tex/generic/pgf/libraries/pgflibraryfpu.code.tex)
Package pgfplots: loading complementary utilities for your pgf version...
\t@pgf@toka=\toks43
\t@pgf@tokb=\toks44
\t@pgf@tokc=\toks45
(c:/texlive/2023/texmf-dist/tex/generic/pgfplots/oldpgfcompatib/pgfplotsoldpgfsupp_pgfutil-common-lists.tex)) (c:/texlive/2023/texmf-dist/tex/generic/pgfplots/util/pgfplotsutil.code.tex (c:/texlive/2023/texmf-dist/tex/generic/pgfplots/liststructure/pgfplotsliststructure.code.tex) (c:/texlive/2023/texmf-dist/tex/generic/pgfplots/liststructure/pgfplotsliststructureext.code.tex) (c:/texlive/2023/texmf-dist/tex/generic/pgfplots/liststructure/pgfplotsarray.code.tex
\c@pgfplotsarray@tmp=\count356
) (c:/texlive/2023/texmf-dist/tex/generic/pgfplots/liststructure/pgfplotsmatrix.code.tex) (c:/texlive/2023/texmf-dist/tex/generic/pgfplots/numtable/pgfplotstableshared.code.tex
\c@pgfplotstable@counta=\count357
\t@pgfplotstable@a=\toks46
) (c:/texlive/2023/texmf-dist/tex/generic/pgfplots/liststructure/pgfplotsdeque.code.tex) (c:/texlive/2023/texmf-dist/tex/generic/pgfplots/util/pgfplotsbinary.code.tex (c:/texlive/2023/texmf-dist/tex/generic/pgfplots/util/pgfplotsbinary.data.code.tex)) (c:/texlive/2023/texmf-dist/tex/generic/pgfplots/util/pgfplotsutil.verb.code.tex) (c:/texlive/2023/texmf-dist/tex/generic/pgfplots/libs/pgflibrarypgfplots.surfshading.code.tex
\c@pgfplotslibrarysurf@no=\count358
 (c:/texlive/2023/texmf-dist/tex/generic/pgfplots/sys/pgflibrarypgfplots.surfshading.pgfsys-pdftex.def))) (c:/texlive/2023/texmf-dist/tex/generic/pgfplots/util/pgfplotscolormap.code.tex (c:/texlive/2023/texmf-dist/tex/generic/pgfplots/util/pgfplotscolor.code.tex)) (c:/texlive/2023/texmf-dist/tex/generic/pgfplots/pgfplotsstackedplots.code.tex) (c:/texlive/2023/texmf-dist/tex/generic/pgfplots/pgfplotsplothandlers.code.tex (c:/texlive/2023/texmf-dist/tex/generic/pgfplots/pgfplotsmeshplothandler.code.tex (c:/texlive/2023/texmf-dist/tex/generic/pgfplots/pgfplotsmeshplotimage.code.tex))) (c:/texlive/2023/texmf-dist/tex/generic/pgfplots/pgfplots.scaling.code.tex) (c:/texlive/2023/texmf-dist/tex/generic/pgfplots/pgfplotscoordprocessing.code.tex) (c:/texlive/2023/texmf-dist/tex/generic/pgfplots/pgfplots.errorbars.code.tex) (c:/texlive/2023/texmf-dist/tex/generic/pgfplots/pgfplots.markers.code.tex) (c:/texlive/2023/texmf-dist/tex/generic/pgfplots/pgfplotsticks.code.tex) (c:/texlive/2023/texmf-dist/tex/generic/pgfplots/pgfplots.paths.code.tex) (c:/texlive/2023/texmf-dist/tex/generic/pgf/frontendlayer/tikz/libraries/tikzlibrarydecorations.code.tex (c:/texlive/2023/texmf-dist/tex/generic/pgf/modules/pgfmoduledecorations.code.tex
\pgfdecoratedcompleteddistance=\dimen289
\pgfdecoratedremainingdistance=\dimen290
\pgfdecoratedinputsegmentcompleteddistance=\dimen291
\pgfdecoratedinputsegmentremainingdistance=\dimen292
\pgf@decorate@distancetomove=\dimen293
\pgf@decorate@repeatstate=\count359
\pgfdecorationsegmentamplitude=\dimen294
\pgfdecorationsegmentlength=\dimen295
)
\tikz@lib@dec@box=\box81
) (c:/texlive/2023/texmf-dist/tex/generic/pgf/frontendlayer/tikz/libraries/tikzlibrarydecorations.pathmorphing.code.tex (c:/texlive/2023/texmf-dist/tex/generic/pgf/libraries/decorations/pgflibrarydecorations.pathmorphing.code.tex)) (c:/texlive/2023/texmf-dist/tex/generic/pgf/frontendlayer/tikz/libraries/tikzlibrarydecorations.pathreplacing.code.tex (c:/texlive/2023/texmf-dist/tex/generic/pgf/libraries/decorations/pgflibrarydecorations.pathreplacing.code.tex)) (c:/texlive/2023/texmf-dist/tex/generic/pgfplots/libs/tikzlibrarypgfplots.contourlua.code.tex)
\pgfplots@numplots=\count360
\pgfplots@xmin@reg=\dimen296
\pgfplots@xmax@reg=\dimen297
\pgfplots@ymin@reg=\dimen298
\pgfplots@ymax@reg=\dimen299
\pgfplots@zmin@reg=\dimen300
\pgfplots@zmax@reg=\dimen301
) (c:/texlive/2023/texmf-dist/tex/generic/pgf/frontendlayer/tikz/libraries/tikzlibraryplotmarks.code.tex
File: tikzlibraryplotmarks.code.tex 2023-01-15 v3.1.10 (3.1.10)
 (c:/texlive/2023/texmf-dist/tex/generic/pgf/libraries/pgflibraryplotmarks.code.tex
File: pgflibraryplotmarks.code.tex 2023-01-15 v3.1.10 (3.1.10)
))) (c:/texlive/2023/texmf-dist/tex/latex/tabularray/tabularray.sty (c:/texlive/2023/texmf-dist/tex/latex/l3kernel/expl3.sty
Package: expl3 2023-04-20 L3 programming layer (loader) 
 (c:/texlive/2023/texmf-dist/tex/latex/l3backend/l3backend-pdftex.def
File: l3backend-pdftex.def 2023-04-19 L3 backend support: PDF output (pdfTeX)
\l__color_backend_stack_int=\count361
\l__pdf_internal_box=\box82
))
Package: tabularray 2023-03-01 v2023A Typeset tabulars and arrays with LaTeX3
\l__tblr_a_int=\count362
\l__tblr_c_int=\count363
\l__tblr_r_int=\count364
\l__tblr_d_dim=\dimen302
\l__tblr_h_dim=\dimen303
\l__tblr_o_dim=\dimen304
\l__tblr_p_dim=\dimen305
\l__tblr_q_dim=\dimen306
\l__tblr_r_dim=\dimen307
\l__tblr_s_dim=\dimen308
\l__tblr_t_dim=\dimen309
\l__tblr_v_dim=\dimen310
\l__tblr_w_dim=\dimen311
\l__tblr_a_box=\box83
\l__tblr_b_box=\box84
\l__tblr_c_box=\box85
\l__tblr_d_box=\box86
\g__tblr_table_count_int=\count365
\c@rownum=\count366
\c@colnum=\count367
\c@rowcount=\count368
\c@colcount=\count369
\abovesep=\dimen312
\belowsep=\dimen313
\leftsep=\dimen314
\rightsep=\dimen315
\g_tblr_level_int=\count370
\g__tblr_data_row_key_count_int=\count371
\g__tblr_data_column_key_count_int=\count372
\g__tblr_data_cell_key_count_int=\count373
\g__tblr_array_int=\count374
\l__tblr_key_count_int=\count375
\l__tblr_key_quotient_int=\count376
\l__tblr_key_quotient_two_int=\count377
\l__tblr_key_remainder_int=\count378
\g__tblr_data_str_value_count_int=\count379
\rulewidth=\dimen316
\l__tblr_strut_dp_dim=\dimen317
\l__tblr_strut_ht_dim=\dimen318
\g__tblr_cell_wd_dim=\dimen319
\g__tblr_cell_ht_dim=\dimen320
\g__tblr_cell_head_dim=\dimen321
\g__tblr_cell_foot_dim=\dimen322
\l__column_target_dim=\dimen323
\l__tblr_caption_box=\box87
\l__tblr_caption_left_box=\box88
\l__tblr_row_head_box=\box89
\l__tblr_row_foot_box=\box90
\l__tblr_row_head_foot_dim=\dimen324
\tablewidth=\dimen325
\l__tblr_table_firsthead_box=\box91
\l__tblr_table_middlehead_box=\box92
\l__tblr_table_lasthead_box=\box93
\l__tblr_table_firstfoot_box=\box94
\l__tblr_table_middlefoot_box=\box95
\l__tblr_table_lastfoot_box=\box96
\l__tblr_remain_height_dim=\dimen326
\l__tblr_long_from_int=\count380
\l__tblr_long_to_int=\count381
\l__tblr_curr_i_int=\count382
\l__tblr_prev_i_int=\count383
\l__tblr_table_page_int=\count384
\l__tblr_table_head_box=\box97
\l__tblr_table_foot_box=\box98
\l__tblr_table_head_foot_dim=\dimen327
\l__tblr_table_head_body_foot_dim=\dimen328
\l__tblr_table_box=\box99
\l__tblr_table_hlines_box=\box100
\l__tblr_hline_box=\box101
\l__tblr_row_box=\box102
\l__tblr_col_o_wd_dim=\dimen329
\l__tblr_col_b_wd_dim=\dimen330
\l__tblr_hline_leftskip_dim=\dimen331
\l__tblr_hline_rightskip_dim=\dimen332
\l__tblr_row_ht_dim=\dimen333
\l__tblr_row_dp_dim=\dimen334
\l__tblr_row_abovesep_dim=\dimen335
\l__tblr_row_belowsep_dim=\dimen336
\l__tblr_row_vlines_box=\box103
\l__tblr_vline_box=\box104
\l__tblr_cell_box=\box105
\l__row_upper_dim=\dimen337
\l__row_lower_dim=\dimen338
\l__row_vpace_dim=\dimen339
\l__tblr_vline_aboveskip_dim=\dimen340
\l__tblr_vline_belowskip_dim=\dimen341
\l__tblr_cell_wd_dim=\dimen342
\l__tblr_cell_ht_dim=\dimen343
\l__tblr_diag_box=\box106
) (c:/texlive/2023/texmf-dist/tex/latex/booktabs/booktabs.sty
Package: booktabs 2020/01/12 v1.61803398 Publication quality tables
\heavyrulewidth=\dimen344
\lightrulewidth=\dimen345
\cmidrulewidth=\dimen346
\belowrulesep=\dimen347
\belowbottomsep=\dimen348
\aboverulesep=\dimen349
\abovetopsep=\dimen350
\cmidrulesep=\dimen351
\cmidrulekern=\dimen352
\defaultaddspace=\dimen353
\@cmidla=\count385
\@cmidlb=\count386
\@aboverulesep=\dimen354
\@belowrulesep=\dimen355
\@thisruleclass=\count387
\@lastruleclass=\count388
\@thisrulewidth=\dimen356
) (c:/texlive/2023/texmf-dist/tex/latex/tools/hhline.sty
Package: hhline 2020/01/04 v2.04 Table rule package (DPC)
) (c:/texlive/2023/texmf-dist/tex/latex/svg/svg.sty
Package: svg 2020/11/26 v2.02k (include SVG pictures)
 (c:/texlive/2023/texmf-dist/tex/latex/koma-script/scrbase.sty
Package: scrbase 2023/04/24 v3.40 KOMA-Script package (KOMA-Script-independent basics and keyval usage)
 (c:/texlive/2023/texmf-dist/tex/latex/koma-script/scrlfile.sty
Package: scrlfile 2023/04/24 v3.40 KOMA-Script package (file load hooks)
 (c:/texlive/2023/texmf-dist/tex/latex/koma-script/scrlfile-hook.sty
Package: scrlfile-hook 2023/04/24 v3.40 KOMA-Script package (using LaTeX hooks)
 (c:/texlive/2023/texmf-dist/tex/latex/koma-script/scrlogo.sty
Package: scrlogo 2023/04/24 v3.40 KOMA-Script package (logo)
)))
Applying: [2021/05/01] Usage of raw or classic option list on input line 252.
Already applied: [0000/00/00] Usage of raw or classic option list on input line 368.
) (c:/texlive/2023/texmf-dist/tex/latex/trimspaces/trimspaces.sty
Package: trimspaces 2009/09/17 v1.1 Trim spaces around a token list
) (c:/texlive/2023/texmf-dist/tex/latex/tools/shellesc.sty
Package: shellesc 2019/11/08 v1.0c unified shell escape interface for LaTeX
Package shellesc Info: Restricted shell escape enabled on input line 77.
)
\c@svg@param@lastpage=\count389
\svg@box=\box107
\c@svg@param@currpage=\count390
) (c:/texlive/2023/texmf-dist/tex/latex/transparent/transparent.sty
Package: transparent 2022-10-27 v1.5 Transparency with color stacks
 (c:/texlive/2023/texmf-dist/tex/latex/transparent/transparent-nometadata.sty
Package: transparent-nometadata 2022-10-27 v1.5 Transparency via pdfTeX's color stack (HO)
)) (c:/texlive/2023/texmf-dist/tex/latex/amsmath/amsmath.sty
Package: amsmath 2022/04/08 v2.17n AMS math features
\@mathmargin=\skip68

For additional information on amsmath, use the `?' option.
(c:/texlive/2023/texmf-dist/tex/latex/amsmath/amsbsy.sty
Package: amsbsy 1999/11/29 v1.2d Bold Symbols
\pmbraise@=\dimen357
) (c:/texlive/2023/texmf-dist/tex/latex/amsmath/amsopn.sty
Package: amsopn 2022/04/08 v2.04 operator names
)
\inf@bad=\count391
LaTeX Info: Redefining \frac on input line 234.
\uproot@=\count392
\leftroot@=\count393
LaTeX Info: Redefining \overline on input line 399.
LaTeX Info: Redefining \colon on input line 410.
\classnum@=\count394
\DOTSCASE@=\count395
LaTeX Info: Redefining \ldots on input line 496.
LaTeX Info: Redefining \dots on input line 499.
LaTeX Info: Redefining \cdots on input line 620.
\Mathstrutbox@=\box108
\strutbox@=\box109
LaTeX Info: Redefining \big on input line 722.
LaTeX Info: Redefining \Big on input line 723.
LaTeX Info: Redefining \bigg on input line 724.
LaTeX Info: Redefining \Bigg on input line 725.
\big@size=\dimen358
LaTeX Font Info:    Redeclaring font encoding OML on input line 743.
LaTeX Font Info:    Redeclaring font encoding OMS on input line 744.
\macc@depth=\count396
LaTeX Info: Redefining \bmod on input line 905.
LaTeX Info: Redefining \pmod on input line 910.
LaTeX Info: Redefining \smash on input line 940.
LaTeX Info: Redefining \relbar on input line 970.
LaTeX Info: Redefining \Relbar on input line 971.
\c@MaxMatrixCols=\count397
\dotsspace@=\muskip17
\c@parentequation=\count398
\dspbrk@lvl=\count399
\tag@help=\toks47
\row@=\count400
\column@=\count401
\maxfields@=\count402
\andhelp@=\toks48
\eqnshift@=\dimen359
\alignsep@=\dimen360
\tagshift@=\dimen361
\tagwidth@=\dimen362
\totwidth@=\dimen363
\lineht@=\dimen364
\@envbody=\toks49
\multlinegap=\skip69
\multlinetaggap=\skip70
\mathdisplay@stack=\toks50
LaTeX Info: Redefining \[ on input line 2953.
LaTeX Info: Redefining \] on input line 2954.
) (c:/texlive/2023/texmf-dist/tex/latex/nomencl/nomencl.sty
Package: nomencl 2021/11/10 v5.6 Nomenclature package
 (c:/texlive/2023/texmf-dist/tex/latex/base/ifthen.sty
Package: ifthen 2022/04/13 v1.1d Standard LaTeX ifthen package (DPC)
) (c:/texlive/2023/texmf-dist/tex/latex/koma-script/tocbasic.sty
Package: tocbasic 2023/04/24 v3.40 KOMA-Script package (handling toc-files)
\scr@dte@tocline@numberwidth=\skip71
\scr@dte@tocline@numbox=\box110
)
Package tocbasic Info: omitting babel extension for `nlo'
(tocbasic)             because of missing \bbl@set@language on input line 187.
Package tocbasic Info: omitting babel extension for `nls'
(tocbasic)             because of missing \bbl@set@language on input line 188.
\nomlabelwidth=\dimen365
\nom@tempdim=\dimen366
\nomitemsep=\skip72
) (c:/texlive/2023/texmf-dist/tex/generic/babel/babel.sty
Package: babel 2023/04/18 3.88 The Babel package
\babel@savecnt=\count403
\U@D=\dimen367
\l@unhyphenated=\language87
 (c:/texlive/2023/texmf-dist/tex/generic/babel/txtbabel.def)
\bbl@readstream=\read3
\bbl@dirlevel=\count404
 (c:/texlive/2023/texmf-dist/tex/generic/babel-portuges/portuguese.ldf
Language: portuges 2021/07/09 v1.2t Portuguese support from the babel system
Package babel Info: Making " an active character on input line 143.
)) (c:/texlive/2023/texmf-dist/tex/generic/babel/locale/pt/babel-portuguese.tex
Package babel Info: Importing font and identification data for portuguese
(babel)             from babel-pt.ini. Reported on input line 11.
) (c:/texlive/2023/texmf-dist/tex/latex/base/fontenc.sty
Package: fontenc 2021/04/29 v2.0v Standard LaTeX package
)) (./User_Doc_Def.tex) (./MEM_DPE.aux (./packMEM/MEM22_begin.aux))
\openout1 = `MEM_DPE.aux'.

LaTeX Font Info:    Checking defaults for OML/cmm/m/it on input line 31.
LaTeX Font Info:    ... okay on input line 31.
LaTeX Font Info:    Checking defaults for OMS/cmsy/m/n on input line 31.
LaTeX Font Info:    ... okay on input line 31.
LaTeX Font Info:    Checking defaults for OT1/cmr/m/n on input line 31.
LaTeX Font Info:    ... okay on input line 31.
LaTeX Font Info:    Checking defaults for T1/cmr/m/n on input line 31.
LaTeX Font Info:    ... okay on input line 31.
LaTeX Font Info:    Checking defaults for TS1/cmr/m/n on input line 31.
LaTeX Font Info:    ... okay on input line 31.
LaTeX Font Info:    Checking defaults for OMX/cmex/m/n on input line 31.
LaTeX Font Info:    ... okay on input line 31.
LaTeX Font Info:    Checking defaults for U/cmr/m/n on input line 31.
LaTeX Font Info:    ... okay on input line 31.
LaTeX Font Info:    Checking defaults for PD1/pdf/m/n on input line 31.
LaTeX Font Info:    ... okay on input line 31.
LaTeX Font Info:    Checking defaults for PU/pdf/m/n on input line 31.
LaTeX Font Info:    ... okay on input line 31.
 (c:/texlive/2023/texmf-dist/tex/context/base/mkii/supp-pdf.mkii
[Loading MPS to PDF converter (version 2006.09.02).]
\scratchcounter=\count405
\scratchdimen=\dimen368
\scratchbox=\box111
\nofMPsegments=\count406
\nofMParguments=\count407
\everyMPshowfont=\toks51
\MPscratchCnt=\count408
\MPscratchDim=\dimen369
\MPnumerator=\count409
\makeMPintoPDFobject=\count410
\everyMPtoPDFconversion=\toks52
) (c:/texlive/2023/texmf-dist/tex/latex/epstopdf-pkg/epstopdf-base.sty
Package: epstopdf-base 2020-01-24 v2.11 Base part for package epstopdf
 (c:/texlive/2023/texmf-dist/tex/latex/grfext/grfext.sty
Package: grfext 2019/12/03 v1.3 Manage graphics extensions (HO)
)
Package epstopdf-base Info: Redefining graphics rule for `.eps' on input line 485.
Package grfext Info: Graphics extension search list:
(grfext)             [.pdf,.png,.jpg,.mps,.jpeg,.jbig2,.jb2,.PDF,.PNG,.JPG,.JPEG,.JBIG2,.JB2,.eps]
(grfext)             \AppendGraphicsExtensions on input line 504.
 (c:/texlive/2023/texmf-dist/tex/latex/latexconfig/epstopdf-sys.cfg
File: epstopdf-sys.cfg 2010/07/13 v1.3 Configuration of (r)epstopdf for TeX Live
))
Package hyperref Info: Link coloring OFF on input line 31.
 (./MEM_DPE.out) (./MEM_DPE.out)
\@outlinefile=\write4
\openout4 = `MEM_DPE.out'.

Package caption Info: Begin \AtBeginDocument code.
Package caption Info: float package is loaded.
Package caption Info: End \AtBeginDocument code.
Package translations Info: no dictionary file `translations-basic-dictionary-portuges.trsl' found. on input line 31.


Package pgfplots Warning: running in backwards compatibility mode (unsuitable tick labels; missing features). Consider writing \pgfplotsset{compat=1.18} into your preamble.
 on input line 31.

(c:/texlive/2023/texmf-dist/tex/latex/ninecolors/ninecolors.sty
Package: ninecolors 2022-02-13 vv2022D Select colors with proper color contrast
 (c:/texlive/2023/texmf-dist/tex/latex/l3packages/xparse/xparse.sty
Package: xparse 2023-02-02 L3 Experimental document command parser
))
\openout2 = `packMEM/MEM22_begin.aux'.

 (./packMEM/MEM22_begin.tex
LaTeX Font Info:    Trying to load font information for U+msa on input line 35.
 (c:/texlive/2023/texmf-dist/tex/latex/amsfonts/umsa.fd
File: umsa.fd 2013/01/14 v3.01 AMS symbols A
)
LaTeX Font Info:    Trying to load font information for U+msb on input line 35.
 (c:/texlive/2023/texmf-dist/tex/latex/amsfonts/umsb.fd
File: umsb.fd 2013/01/14 v3.01 AMS symbols B
)
LaTeX Font Info:    Trying to load font information for T1+cmss on input line 35.
 (c:/texlive/2023/texmf-dist/tex/latex/base/t1cmss.fd
File: t1cmss.fd 2022/07/10 v2.5l Standard LaTeX font definitions
)
<packMEM/uaLogoNew.pdf, id=162, 60.225pt x 75.28125pt>
File: packMEM/uaLogoNew.pdf Graphic file (type pdf)
<use packMEM/uaLogoNew.pdf>
Package pdftex.def Info: packMEM/uaLogoNew.pdf  used on input line 35.
(pdftex.def)             Requested size: 27.08812pt x 33.85875pt.
 [1


{c:/texlive/2023/texmf-var/fonts/map/pdftex/updmap/pdftex.map}{c:/texlive/2023/texmf-dist/fonts/enc/dvips/cm-super/cm-super-t1.enc} <./packMEM/uaLogoNew.pdf>]
pdfTeX warning (ext4): destination with the same identifier (name{page.1}) has been already used, duplicate ignored
<to be read again> 
                   \relax 
l.53 \titlepage\ \endtitlepage
                                  % Página de verso em branco [1]
File: packMEM/uaLogoNew.pdf Graphic file (type pdf)
<use packMEM/uaLogoNew.pdf>
Package pdftex.def Info: packMEM/uaLogoNew.pdf  used on input line 62.
(pdftex.def)             Requested size: 27.08812pt x 33.85875pt.

Overfull \vbox (6.68056pt too high) has occurred while \output is active []


pdfTeX warning (ext4): destination with the same identifier (name{page.1}) has been already used, duplicate ignored
<to be read again> 
                   \relax 
l.100     \EndTitlePage
                        [1]
pdfTeX warning (ext4): destination with the same identifier (name{page.1}) has been already used, duplicate ignored
<to be read again> 
                   \relax 
l.107 \titlepage\ \endtitlepage
                                                       % Página de verso em... [1]
pdfTeX warning (ext4): destination with the same identifier (name{page.1}) has been already used, duplicate ignored
<to be read again> 
                   \relax 
l.132 \EndTitlePage
                    [1]
pdfTeX warning (ext4): destination with the same identifier (name{page.1}) has been already used, duplicate ignored
<to be read again> 
                   \relax 
l.134 \titlepage\ \endtitlepage
                                                       % Página de verso em... [1]
pdfTeX warning (ext4): destination with the same identifier (name{page.1}) has been already used, duplicate ignored
<to be read again> 
                   \relax 
l.144 \EndTitlePage
                    [1]
pdfTeX warning (ext4): destination with the same identifier (name{page.1}) has been already used, duplicate ignored
<to be read again> 
                   \relax 
l.145 \titlepage\ \endtitlepage
                                                       % Página de verso em... [1]
pdfTeX warning (ext4): destination with the same identifier (name{page.1}) has been already used, duplicate ignored
<to be read again> 
                   \relax 
l.157 \EndTitlePage
                    [1]
pdfTeX warning (ext4): destination with the same identifier (name{page.1}) has been already used, duplicate ignored
<to be read again> 
                   \relax 
l.158 \titlepage\ \endtitlepage
                                                       % Página de verso em... [1]
pdfTeX warning (ext4): destination with the same identifier (name{page.1}) has been already used, duplicate ignored
<to be read again> 
                   \relax 
l.171 \EndTitlePage
                    [1]
pdfTeX warning (ext4): destination with the same identifier (name{page.1}) has been already used, duplicate ignored
<to be read again> 
                   \relax 
l.172 \titlepage\ \endtitlepage
                                                       % Página de verso em... [1] (./MEM_DPE.toc [1

])
\tf@toc=\write5
\openout5 = `MEM_DPE.toc'.

 [2] (./MEM_DPE.lot)
\tf@lot=\write6
\openout6 = `MEM_DPE.lot'.

 [3

] [4

] (./MEM_DPE.lof [5])
\tf@lof=\write7
\openout7 = `MEM_DPE.lof'.

 (./Nomenclature/Nomenclature.tex
\@nomenclaturefile=\write8
\openout8 = `MEM_DPE.nlo'.

Package nomencl Info: Writing nomenclature file MEM_DPE.nlo on input line 2.
)
No file MEM_DPE.nls.
[6{c:/texlive/2023/texmf-dist/fonts/enc/dvips/cm-super/cm-super-ts1.enc}]) (./Cap1_Intro/Cap1.tex
Cap\'{\i }tulo 1.

pdfTeX warning (ext4): destination with the same identifier (name{page.1}) has been already used, duplicate ignored
<to be read again> 
                   \relax 
l.18 \newpage
              [1




]) (./Cap2_SOA/Cap2.tex [2]
Cap\'{\i }tulo 2.
<Figures/Cap2/Caixa_de_velocidades.png, id=404, 2107.875pt x 1505.625pt>
File: Figures/Cap2/Caixa_de_velocidades.png Graphic file (type png)
<use Figures/Cap2/Caixa_de_velocidades.png>
Package pdftex.def Info: Figures/Cap2/Caixa_de_velocidades.png  used on input line 11.
(pdftex.def)             Requested size: 188.21368pt x 134.42062pt.
<Figures/Cap2/Caixa_diferencial.png, id=405, 2107.875pt x 1505.625pt>
File: Figures/Cap2/Caixa_diferencial.png Graphic file (type png)
<use Figures/Cap2/Caixa_diferencial.png>
Package pdftex.def Info: Figures/Cap2/Caixa_diferencial.png  used on input line 17.
(pdftex.def)             Requested size: 188.21368pt x 134.42062pt.
[3

 <./Figures/Cap2/Caixa_de_velocidades.png> <./Figures/Cap2/Caixa_diferencial.png>]
<Figures/Cap2/Completo_rodas.png, id=412, 526.96875pt x 376.40625pt>
File: Figures/Cap2/Completo_rodas.png Graphic file (type png)
<use Figures/Cap2/Completo_rodas.png>
Package pdftex.def Info: Figures/Cap2/Completo_rodas.png  used on input line 35.
(pdftex.def)             Requested size: 188.21368pt x 134.43785pt.
<Figures/Cap2/Completo2019.png, id=414, 526.96875pt x 376.40625pt>
File: Figures/Cap2/Completo2019.png Graphic file (type png)
<use Figures/Cap2/Completo2019.png>
Package pdftex.def Info: Figures/Cap2/Completo2019.png  used on input line 41.
(pdftex.def)             Requested size: 188.21368pt x 134.43785pt.
 [4 <./Figures/Cap2/Completo_Rodas.png> <./Figures/Cap2/Completo2019.png>]
<Figures/Cap2/Iron_Carbon_Diagram.png, id=426, 526.96875pt x 376.40625pt>
File: Figures/Cap2/Iron_Carbon_Diagram.png Graphic file (type png)
<use Figures/Cap2/Iron_Carbon_Diagram.png>
Package pdftex.def Info: Figures/Cap2/Iron_Carbon_Diagram.png  used on input line 65.
(pdftex.def)             Requested size: 250.95586pt x 179.2543pt.
<Figures/Cap2/Ferrite_Martensite.png, id=431, 526.96875pt x 376.40625pt>
File: Figures/Cap2/Ferrite_Martensite.png Graphic file (type png)
<use Figures/Cap2/Ferrite_Martensite.png>
Package pdftex.def Info: Figures/Cap2/Ferrite_Martensite.png  used on input line 81.
(pdftex.def)             Requested size: 188.21368pt x 134.43785pt.
<Figures/Cap2/CFC_CS.png, id=432, 526.96875pt x 376.40625pt>
File: Figures/Cap2/CFC_CS.png Graphic file (type png)
<use Figures/Cap2/CFC_CS.png>
Package pdftex.def Info: Figures/Cap2/CFC_CS.png  used on input line 87.
(pdftex.def)             Requested size: 188.21368pt x 134.43785pt.
<Figures/Cap2/Tempera_Arrefecimento.png, id=434, 526.96875pt x 376.40625pt>
File: Figures/Cap2/Tempera_Arrefecimento.png Graphic file (type png)
<use Figures/Cap2/Tempera_Arrefecimento.png>
Package pdftex.def Info: Figures/Cap2/Tempera_Arrefecimento.png  used on input line 101.
(pdftex.def)             Requested size: 250.95586pt x 179.2543pt.
 [5 <./Figures/Cap2/Iron_Carbon_Diagram.png>] [6 <./Figures/Cap2/Ferrite_Martensite.png> <./Figures/Cap2/CFC_CS.png> <./Figures/Cap2/Tempera_Arrefecimento.png>]
<Figures/Cap2/Hardness_Temperature_Carbon.png, id=455, 526.96875pt x 376.40625pt>
File: Figures/Cap2/Hardness_Temperature_Carbon.png Graphic file (type png)
<use Figures/Cap2/Hardness_Temperature_Carbon.png>
Package pdftex.def Info: Figures/Cap2/Hardness_Temperature_Carbon.png  used on input line 125.
(pdftex.def)             Requested size: 250.95586pt x 179.2543pt.
<Figures/Cap2/Nitriding_3_microstructure.png, id=462, 1053.9375pt x 376.40625pt>
File: Figures/Cap2/Nitriding_3_microstructure.png Graphic file (type png)
<use Figures/Cap2/Nitriding_3_microstructure.png>
Package pdftex.def Info: Figures/Cap2/Nitriding_3_microstructure.png  used on input line 142.
(pdftex.def)             Requested size: 376.4274pt x 134.43785pt.

Underfull \vbox (badness 1194) has occurred while \output is active []

 [7] [8 <./Figures/Cap2/Hardness_Temperature_Carbon.png> <./Figures/Cap2/Nitriding_3_microstructure.png>]
<Figures/Cap2/Nitriding_gradients.jpg, id=486, 447.69026pt x 319.77876pt>
File: Figures/Cap2/Nitriding_gradients.jpg Graphic file (type jpg)
<use Figures/Cap2/Nitriding_gradients.jpg>
Package pdftex.def Info: Figures/Cap2/Nitriding_gradients.jpg  used on input line 173.
(pdftex.def)             Requested size: 250.95586pt x 179.25055pt.
 [9 <./Figures/Cap2/Nitriding_gradients.jpg>]
<Figures/Cap2/Carbonitriding_microstructure.png, id=498, 526.96875pt x 376.40625pt>
File: Figures/Cap2/Carbonitriding_microstructure.png Graphic file (type png)
<use Figures/Cap2/Carbonitriding_microstructure.png>
Package pdftex.def Info: Figures/Cap2/Carbonitriding_microstructure.png  used on input line 190.
(pdftex.def)             Requested size: 250.95586pt x 179.2543pt.
<Figures/Cap2/Carbonitriding_depth.png, id=503, 526.96875pt x 376.40625pt>
File: Figures/Cap2/Carbonitriding_depth.png Graphic file (type png)
<use Figures/Cap2/Carbonitriding_depth.png>
Package pdftex.def Info: Figures/Cap2/Carbonitriding_depth.png  used on input line 201.
(pdftex.def)             Requested size: 250.95586pt x 179.2543pt.
 [10 <./Figures/Cap2/Carbonitriding_microstructure.png>]
<Figures/Cap2/Carbon_Hardness_Carbonitriding.png, id=516, 526.96875pt x 376.40625pt>
File: Figures/Cap2/Carbon_Hardness_Carbonitriding.png Graphic file (type png)
<use Figures/Cap2/Carbon_Hardness_Carbonitriding.png>
Package pdftex.def Info: Figures/Cap2/Carbon_Hardness_Carbonitriding.png  used on input line 212.
(pdftex.def)             Requested size: 250.95586pt x 179.2543pt.
 [11 <./Figures/Cap2/Carbonitriding_depth.png> <./Figures/Cap2/Carbon_Hardness_Carbonitriding.png>] [12]
<Figures/Cap2/Cold_Cracking.png, id=540, 526.96875pt x 376.40625pt>
File: Figures/Cap2/Cold_Cracking.png Graphic file (type png)
<use Figures/Cap2/Cold_Cracking.png>
Package pdftex.def Info: Figures/Cap2/Cold_Cracking.png  used on input line 270.
(pdftex.def)             Requested size: 188.21368pt x 134.43785pt.
<Figures/Cap2/Graville_Diagram.png, id=541, 526.96875pt x 376.40625pt>
File: Figures/Cap2/Graville_Diagram.png Graphic file (type png)
<use Figures/Cap2/Graville_Diagram.png>
Package pdftex.def Info: Figures/Cap2/Graville_Diagram.png  used on input line 276.
(pdftex.def)             Requested size: 188.21368pt x 134.43785pt.
<Figures/Cap2/Hdif_CE.png, id=544, 526.96875pt x 376.40625pt>
File: Figures/Cap2/Hdif_CE.png Graphic file (type png)
<use Figures/Cap2/Hdif_CE.png>
Package pdftex.def Info: Figures/Cap2/Hdif_CE.png  used on input line 289.
(pdftex.def)             Requested size: 188.21368pt x 134.43785pt.
<Figures/Cap2/CE_Hdif_Crack.png, id=545, 526.96875pt x 376.40625pt>
File: Figures/Cap2/CE_Hdif_Crack.png Graphic file (type png)
<use Figures/Cap2/CE_Hdif_Crack.png>
Package pdftex.def Info: Figures/Cap2/CE_Hdif_Crack.png  used on input line 295.
(pdftex.def)             Requested size: 188.21368pt x 134.43785pt.
 [13] [14 <./Figures/Cap2/Cold_Cracking.png> <./Figures/Cap2/Graville_Diagram.png> <./Figures/Cap2/Hdif_CE.png> <./Figures/Cap2/CE_Hdif_Crack.png>]
<Figures/Cap2/CCT_SOA.png, id=570, 526.96875pt x 376.40625pt>
File: Figures/Cap2/CCT_SOA.png Graphic file (type png)
<use Figures/Cap2/CCT_SOA.png>
Package pdftex.def Info: Figures/Cap2/CCT_SOA.png  used on input line 322.
(pdftex.def)             Requested size: 250.95586pt x 179.2543pt.
 [15 <./Figures/Cap2/CCT_SOA.png>]) (./Cap3_Materiais/Cap3.tex [16]
Cap\'{\i }tulo 3.

Underfull \vbox (badness 10000) has occurred while \output is active []

 [17

]
<Figures/Cap3/Bruto_fotografia.png, id=605, 1580.90625pt x 1129.21875pt>
File: Figures/Cap3/Bruto_fotografia.png Graphic file (type png)
<use Figures/Cap3/Bruto_fotografia.png>
Package pdftex.def Info: Figures/Cap3/Bruto_fotografia.png  used on input line 31.
(pdftex.def)             Requested size: 188.21368pt x 134.43211pt.
<Figures/Cap3/Bruto_CAD.png, id=606, 526.96875pt x 376.40625pt>
File: Figures/Cap3/Bruto_CAD.png Graphic file (type png)
<use Figures/Cap3/Bruto_CAD.png>
Package pdftex.def Info: Figures/Cap3/Bruto_CAD.png  used on input line 37.
(pdftex.def)             Requested size: 188.21368pt x 134.43785pt.
<Figures/Cap3/Peca_branca_fotografia.png, id=607, 2107.875pt x 1505.625pt>
File: Figures/Cap3/Peca_branca_fotografia.png Graphic file (type png)
<use Figures/Cap3/Peca_branca_fotografia.png>
Package pdftex.def Info: Figures/Cap3/Peca_branca_fotografia.png  used on input line 56.
(pdftex.def)             Requested size: 188.21368pt x 134.42062pt.
<Figures/Cap3/Carga_fotografia.png, id=608, 526.96875pt x 376.40625pt>
File: Figures/Cap3/Carga_fotografia.png Graphic file (type png)
<use Figures/Cap3/Carga_fotografia.png>
Package pdftex.def Info: Figures/Cap3/Carga_fotografia.png  used on input line 63.
(pdftex.def)             Requested size: 188.21368pt x 134.43785pt.

Underfull \vbox (badness 10000) has occurred while \output is active []

 [18 <./Figures/Cap3/Bruto_fotografia.png> <./Figures/Cap3/Bruto_CAD.png>]
<Figures/Cap3/Falta_Imagem.png, id=617, 526.96875pt x 376.40625pt>
File: Figures/Cap3/Falta_Imagem.png Graphic file (type png)
<use Figures/Cap3/Falta_Imagem.png>
Package pdftex.def Info: Figures/Cap3/Falta_Imagem.png  used on input line 79.
(pdftex.def)             Requested size: 124.22171pt x 88.72542pt.
File: Figures/Cap3/Falta_Imagem.png Graphic file (type png)
<use Figures/Cap3/Falta_Imagem.png>
Package pdftex.def Info: Figures/Cap3/Falta_Imagem.png  used on input line 86.
(pdftex.def)             Requested size: 124.22171pt x 88.72542pt.
File: Figures/Cap3/Falta_Imagem.png Graphic file (type png)
<use Figures/Cap3/Falta_Imagem.png>
Package pdftex.def Info: Figures/Cap3/Falta_Imagem.png  used on input line 93.
(pdftex.def)             Requested size: 124.22171pt x 88.72542pt.
 [19 <./Figures/Cap3/Peca_branca_fotografia.png> <./Figures/Cap3/Carga_fotografia.png> <./Figures/Cap3/Falta_Imagem.png>]
<Figures/Cap3/Tanque_Tempera.png, id=625, 677.53125pt x 376.40625pt>
File: Figures/Cap3/Tanque_Tempera.png Graphic file (type png)
<use Figures/Cap3/Tanque_Tempera.png>
Package pdftex.def Info: Figures/Cap3/Tanque_Tempera.png  used on input line 122.
(pdftex.def)             Requested size: 250.95586pt x 139.41745pt.
<Figures/Cap3/DB45_antes_torn.png, id=628, 526.96875pt x 376.40625pt>
File: Figures/Cap3/DB45_antes_torn.png Graphic file (type png)
<use Figures/Cap3/DB45_antes_torn.png>
Package pdftex.def Info: Figures/Cap3/DB45_antes_torn.png  used on input line 140.
(pdftex.def)             Requested size: 188.21368pt x 134.43785pt.
<Figures/Cap3/DB45_apos_torn.png, id=629, 526.96875pt x 376.40625pt>
File: Figures/Cap3/DB45_apos_torn.png Graphic file (type png)
<use Figures/Cap3/DB45_apos_torn.png>
Package pdftex.def Info: Figures/Cap3/DB45_apos_torn.png  used on input line 146.
(pdftex.def)             Requested size: 188.21368pt x 134.43785pt.
 [20 <./Figures/Cap3/Tanque_Tempera.png>] [21 <./Figures/Cap3/DB45_antes_torn.png> <./Figures/Cap3/DB45_apos_torn.png>]
<Figures/Cap3/Caixa_nua.png, id=642, 1580.90625pt x 1129.21875pt>
File: Figures/Cap3/Caixa_nua.png Graphic file (type png)
<use Figures/Cap3/Caixa_nua.png>
Package pdftex.def Info: Figures/Cap3/Caixa_nua.png  used on input line 169.
(pdftex.def)             Requested size: 188.21368pt x 134.43211pt.
<Figures/Cap3/Caixa_montada.png, id=643, 1580.90625pt x 1129.21875pt>
File: Figures/Cap3/Caixa_montada.png Graphic file (type png)
<use Figures/Cap3/Caixa_montada.png>
Package pdftex.def Info: Figures/Cap3/Caixa_montada.png  used on input line 176.
(pdftex.def)             Requested size: 188.21368pt x 134.43211pt.
File: Figures/Cap3/Falta_Imagem.png Graphic file (type png)
<use Figures/Cap3/Falta_Imagem.png>
Package pdftex.def Info: Figures/Cap3/Falta_Imagem.png  used on input line 191.
(pdftex.def)             Requested size: 188.21368pt x 134.43785pt.
<Figures/Cap3/Microestrutura_serie.png, id=647, 526.96875pt x 376.40625pt>
File: Figures/Cap3/Microestrutura_serie.png Graphic file (type png)
<use Figures/Cap3/Microestrutura_serie.png>
Package pdftex.def Info: Figures/Cap3/Microestrutura_serie.png  used on input line 197.
(pdftex.def)             Requested size: 188.21368pt x 134.43785pt.
 [22 <./Figures/Cap3/Caixa_nua.png> <./Figures/Cap3/Caixa_montada.png> <./Figures/Cap3/Microestrutura_serie.png>] [23]
<Figures/Cap3/Recobrimento.png, id=667, 1576.38937pt x 1111.15125pt>
File: Figures/Cap3/Recobrimento.png Graphic file (type png)
<use Figures/Cap3/Recobrimento.png>
Package pdftex.def Info: Figures/Cap3/Recobrimento.png  used on input line 259.
(pdftex.def)             Requested size: 217.49464pt x 153.30511pt.
 [24 <./Figures/Cap3/Recobrimento.png>]
<Figures/Cap3/CAD_DB35.png, id=679, 524.71031pt x 374.90062pt>
File: Figures/Cap3/CAD_DB35.png Graphic file (type png)
<use Figures/Cap3/CAD_DB35.png>
Package pdftex.def Info: Figures/Cap3/CAD_DB35.png  used on input line 281.
(pdftex.def)             Requested size: 124.22171pt x 88.75378pt.
<Figures/Cap3/CAD_DB45.png, id=680, 526.96875pt x 376.40625pt>
File: Figures/Cap3/CAD_DB45.png Graphic file (type png)
<use Figures/Cap3/CAD_DB45.png>
Package pdftex.def Info: Figures/Cap3/CAD_DB45.png  used on input line 288.
(pdftex.def)             Requested size: 124.22171pt x 88.72542pt.
<Figures/Cap3/CAD_JT4.png, id=681, 526.96875pt x 376.40625pt>
File: Figures/Cap3/CAD_JT4.png Graphic file (type png)
<use Figures/Cap3/CAD_JT4.png>
Package pdftex.def Info: Figures/Cap3/CAD_JT4.png  used on input line 295.
(pdftex.def)             Requested size: 124.22171pt x 88.72542pt.
<Figures/Cap3/CAD_PRATO.png, id=682, 526.96875pt x 376.40625pt>
File: Figures/Cap3/CAD_PRATO.png Graphic file (type png)
<use Figures/Cap3/CAD_PRATO.png>
Package pdftex.def Info: Figures/Cap3/CAD_PRATO.png  used on input line 302.
(pdftex.def)             Requested size: 124.22171pt x 88.72542pt.
<Figures/Cap3/CAD_FALSA.png, id=683, 526.96875pt x 376.40625pt>
File: Figures/Cap3/CAD_FALSA.png Graphic file (type png)
<use Figures/Cap3/CAD_FALSA.png>
Package pdftex.def Info: Figures/Cap3/CAD_FALSA.png  used on input line 309.
(pdftex.def)             Requested size: 124.22171pt x 88.72542pt.
<Figures/Cap3/CAD_TORRE.png, id=684, 526.96875pt x 376.40625pt>
File: Figures/Cap3/CAD_TORRE.png Graphic file (type png)
<use Figures/Cap3/CAD_TORRE.png>
Package pdftex.def Info: Figures/Cap3/CAD_TORRE.png  used on input line 316.
(pdftex.def)             Requested size: 124.22171pt x 88.72542pt.
 [25 <./Figures/Cap3/CAD_DB35.png> <./Figures/Cap3/CAD_DB45.png> <./Figures/Cap3/CAD_JT4.png> <./Figures/Cap3/CAD_PRATO.png> <./Figures/Cap3/CAD_FALSA.png> <./Figures/Cap3/CAD_TORRE.png>]
<Figures/Cap3/Prato_montado.png, id=694, 1053.9375pt x 752.8125pt>
File: Figures/Cap3/Prato_montado.png Graphic file (type png)
<use Figures/Cap3/Prato_montado.png>
Package pdftex.def Info: Figures/Cap3/Prato_montado.png  used on input line 374.
(pdftex.def)             Requested size: 188.21368pt x 134.43211pt.
<Figures/Cap3/Prato_montado_malha.png, id=695, 1053.9375pt x 752.8125pt>
File: Figures/Cap3/Prato_montado_malha.png Graphic file (type png)
<use Figures/Cap3/Prato_montado_malha.png>
Package pdftex.def Info: Figures/Cap3/Prato_montado_malha.png  used on input line 380.
(pdftex.def)             Requested size: 188.21368pt x 134.43211pt.
 [26 <./Figures/Cap3/Prato_montado.png> <./Figures/Cap3/Prato_montado_malha.png>]
<Figures/Cap3/resultado_serie.png, id=704, 790.45313pt x 376.40625pt>
File: Figures/Cap3/resultado_serie.png Graphic file (type png)
<use Figures/Cap3/resultado_serie.png>
Package pdftex.def Info: Figures/Cap3/resultado_serie.png  used on input line 400.
(pdftex.def)             Requested size: 334.60568pt x 159.33588pt.
<Figures/Cap3/Tampa_P.png, id=709, 526.96875pt x 376.40625pt>
File: Figures/Cap3/Tampa_P.png Graphic file (type png)
<use Figures/Cap3/Tampa_P.png>
Package pdftex.def Info: Figures/Cap3/Tampa_P.png  used on input line 414.
(pdftex.def)             Requested size: 104.56387pt x 74.68832pt.
<Figures/Cap3/Falsa_coroa_modificada.png, id=710, 526.96875pt x 376.40625pt>
File: Figures/Cap3/Falsa_coroa_modificada.png Graphic file (type png)
<use Figures/Cap3/Falsa_coroa_modificada.png>
Package pdftex.def Info: Figures/Cap3/Falsa_coroa_modificada.png  used on input line 420.
(pdftex.def)             Requested size: 104.56387pt x 74.68832pt.
 [27 <./Figures/Cap3/resultado_serie.png> <./Figures/Cap3/Tampa_P.png> <./Figures/Cap3/Falsa_coroa_modificada.png>]
<Figures/Cap3/Coluna_P_Montada.png, id=716, 526.96875pt x 376.40625pt>
File: Figures/Cap3/Coluna_P_Montada.png Graphic file (type png)
<use Figures/Cap3/Coluna_P_Montada.png>
Package pdftex.def Info: Figures/Cap3/Coluna_P_Montada.png  used on input line 434.
(pdftex.def)             Requested size: 146.38878pt x 104.56596pt.
<Figures/Cap3/Coluna_P_Montada_Corte.png, id=717, 526.96875pt x 376.40625pt>
File: Figures/Cap3/Coluna_P_Montada_Corte.png Graphic file (type png)
<use Figures/Cap3/Coluna_P_Montada_Corte.png>
Package pdftex.def Info: Figures/Cap3/Coluna_P_Montada_Corte.png  used on input line 440.
(pdftex.def)             Requested size: 146.38878pt x 104.56596pt.
<Figures/Cap3/resultado_simples.png, id=719, 789.70032pt x 376.40625pt>
File: Figures/Cap3/resultado_simples.png Graphic file (type png)
<use Figures/Cap3/resultado_simples.png>
Package pdftex.def Info: Figures/Cap3/resultado_simples.png  used on input line 453.
(pdftex.def)             Requested size: 334.60568pt x 159.4852pt.
 [28 <./Figures/Cap3/Coluna_P_Montada.png> <./Figures/Cap3/Coluna_P_Montada_Corte.png> <./Figures/Cap3/resultado_simples.png>]
<Figures/Cap3/tampa_simples_3d.png, id=728, 1053.9375pt x 752.8125pt>
File: Figures/Cap3/tampa_simples_3d.png Graphic file (type png)
<use Figures/Cap3/tampa_simples_3d.png>
Package pdftex.def Info: Figures/Cap3/tampa_simples_3d.png  used on input line 467.
(pdftex.def)             Requested size: 188.21368pt x 134.43211pt.
<Figures/Cap3/Falsa_coroa_torre_3d.png, id=729, 3161.8125pt x 2258.4375pt>
File: Figures/Cap3/Falsa_coroa_torre_3d.png Graphic file (type png)
<use Figures/Cap3/Falsa_coroa_torre_3d.png>
Package pdftex.def Info: Figures/Cap3/Falsa_coroa_torre_3d.png  used on input line 473.
(pdftex.def)             Requested size: 188.21368pt x 134.43211pt.
<Figures/Cap3/Falta_imagem_larga.png, id=730, 790.45313pt x 376.40625pt>
File: Figures/Cap3/Falta_imagem_larga.png Graphic file (type png)
<use Figures/Cap3/Falta_imagem_larga.png>
Package pdftex.def Info: Figures/Cap3/Falta_imagem_larga.png  used on input line 484.
(pdftex.def)             Requested size: 376.4274pt x 179.24855pt.
 [29 <./Figures/Cap3/tampa_simples_3d.png> <./Figures/Cap3/falsa_coroa_torre_3d.png> <./Figures/Cap3/Falta_imagem_larga.png>]
<Figures/Cap3/Ensaio_simples.png, id=740, 526.96875pt x 376.40625pt>
File: Figures/Cap3/Ensaio_simples.png Graphic file (type png)
<use Figures/Cap3/Ensaio_simples.png>
Package pdftex.def Info: Figures/Cap3/Ensaio_simples.png  used on input line 497.
(pdftex.def)             Requested size: 209.12775pt x 149.37666pt.
<Figures/Cap3/Desenho_ensaio_simples.png, id=741, 526.96875pt x 376.40625pt>
File: Figures/Cap3/Desenho_ensaio_simples.png Graphic file (type png)
<use Figures/Cap3/Desenho_ensaio_simples.png>
Package pdftex.def Info: Figures/Cap3/Desenho_ensaio_simples.png  used on input line 506.
(pdftex.def)             Requested size: 209.12775pt x 149.37666pt.
 [30 <./Figures/Cap3/Ensaio_simples.png> <./Figures/Cap3/Desenho_ensaio_simples.png>]
<Figures/Cap3/Zonas_dureza.png, id=747, 526.96875pt x 376.40625pt>
File: Figures/Cap3/Zonas_dureza.png Graphic file (type png)
<use Figures/Cap3/Zonas_dureza.png>
Package pdftex.def Info: Figures/Cap3/Zonas_dureza.png  used on input line 518.
(pdftex.def)             Requested size: 209.12775pt x 149.37666pt.
<Figures/Cap3/Tampa_O.png, id=750, 526.96875pt x 376.40625pt>
File: Figures/Cap3/Tampa_O.png Graphic file (type png)
<use Figures/Cap3/Tampa_O.png>
Package pdftex.def Info: Figures/Cap3/Tampa_O.png  used on input line 534.
(pdftex.def)             Requested size: 188.21368pt x 134.43785pt.
<Figures/Cap3/Tampa_Y.png, id=751, 526.96875pt x 376.40625pt>
File: Figures/Cap3/Tampa_Y.png Graphic file (type png)
<use Figures/Cap3/Tampa_Y.png>
Package pdftex.def Info: Figures/Cap3/Tampa_Y.png  used on input line 539.
(pdftex.def)             Requested size: 188.21368pt x 134.43785pt.
 [31 <./Figures/Cap3/Zonas_dureza.png>]
<Figures/Cap3/Esquema_Prato_Ensaio_08-05-2023.png, id=758, 757.32938pt x 538.26094pt>
File: Figures/Cap3/Esquema_Prato_Ensaio_08-05-2023.png Graphic file (type png)
<use Figures/Cap3/Esquema_Prato_Ensaio_08-05-2023.png>
Package pdftex.def Info: Figures/Cap3/Esquema_Prato_Ensaio_08-05-2023.png  used on input line 555.
(pdftex.def)             Requested size: 188.21368pt x 133.76822pt.
<Figures/Cap3/Ensaio_varias_tampas.png, id=759, 1053.9375pt x 752.8125pt>
File: Figures/Cap3/Ensaio_varias_tampas.png Graphic file (type png)
<use Figures/Cap3/Ensaio_varias_tampas.png>
Package pdftex.def Info: Figures/Cap3/Ensaio_varias_tampas.png  used on input line 560.
(pdftex.def)             Requested size: 188.21368pt x 134.43211pt.
 [32 <./Figures/Cap3/Tampa_O.png> <./Figures/Cap3/Tampa_Y.png> <./Figures/Cap3/Esquema_Prato_Ensaio_08-05-2023.png> <./Figures/Cap3/Ensaio_varias_tampas.png>]
<Figures/Cap3/Layout_ensaio_gallets.png, id=768, 822.07124pt x 587.19376pt>
File: Figures/Cap3/Layout_ensaio_gallets.png Graphic file (type png)
<use Figures/Cap3/Layout_ensaio_gallets.png>
Package pdftex.def Info: Figures/Cap3/Layout_ensaio_gallets.png  used on input line 578.
(pdftex.def)             Requested size: 188.21368pt x 134.43349pt.
<Figures/Cap3/Gallets.png, id=769, 2810.5pt x 2007.5pt>
File: Figures/Cap3/Gallets.png Graphic file (type png)
<use Figures/Cap3/Gallets.png>
Package pdftex.def Info: Figures/Cap3/Gallets.png  used on input line 584.
(pdftex.def)             Requested size: 188.21368pt x 134.41296pt.
 [33 <./Figures/Cap3/Layout_ensaio_gallets.png> <./Figures/Cap3/Gallets.png>]) (./Cap4_Resultados/Cap4.tex [34]
Cap\'{\i }tulo 4.
[35

]
<Figures/Cap4/Falta_Imagem.png, id=792, 526.96875pt x 376.40625pt>
File: Figures/Cap4/Falta_Imagem.png Graphic file (type png)
<use Figures/Cap4/Falta_Imagem.png>
Package pdftex.def Info: Figures/Cap4/Falta_Imagem.png  used on input line 37.
(pdftex.def)             Requested size: 250.95586pt x 179.2543pt.
 [36 <./Figures/Cap4/Falta_Imagem.png>]
<Figures/Cap4/Ac3(dentado).png, id=801, 526.96875pt x 376.40625pt>
File: Figures/Cap4/Ac3(dentado).png Graphic file (type png)
<use Figures/Cap4/Ac3(dentado).png>
Package pdftex.def Info: Figures/Cap4/Ac3(dentado).png  used on input line 52.
(pdftex.def)             Requested size: 124.22171pt x 88.72542pt.
<Figures/Cap4/Ac1(dentado).png, id=802, 526.96875pt x 376.40625pt>
File: Figures/Cap4/Ac1(dentado).png Graphic file (type png)
<use Figures/Cap4/Ac1(dentado).png>
Package pdftex.def Info: Figures/Cap4/Ac1(dentado).png  used on input line 59.
(pdftex.def)             Requested size: 124.22171pt x 88.72542pt.
<Figures/Cap4/Ms(dentado).png, id=803, 526.96875pt x 376.40625pt>
File: Figures/Cap4/Ms(dentado).png Graphic file (type png)
<use Figures/Cap4/Ms(dentado).png>
Package pdftex.def Info: Figures/Cap4/Ms(dentado).png  used on input line 65.
(pdftex.def)             Requested size: 124.22171pt x 88.72542pt.
File: Figures/Cap4/Falta_Imagem.png Graphic file (type png)
<use Figures/Cap4/Falta_Imagem.png>
Package pdftex.def Info: Figures/Cap4/Falta_Imagem.png  used on input line 79.
(pdftex.def)             Requested size: 124.22171pt x 88.72542pt.
File: Figures/Cap4/Falta_Imagem.png Graphic file (type png)
<use Figures/Cap4/Falta_Imagem.png>
Package pdftex.def Info: Figures/Cap4/Falta_Imagem.png  used on input line 86.
(pdftex.def)             Requested size: 124.22171pt x 88.72542pt.
File: Figures/Cap4/Falta_Imagem.png Graphic file (type png)
<use Figures/Cap4/Falta_Imagem.png>
Package pdftex.def Info: Figures/Cap4/Falta_Imagem.png  used on input line 92.
(pdftex.def)             Requested size: 124.22171pt x 88.72542pt.
<Figures/Cap4/Grafico_4_Zonas_P_inicial.png, id=809, 2258.4375pt x 1505.625pt>
File: Figures/Cap4/Grafico_4_Zonas_P_inicial.png Graphic file (type png)
<use Figures/Cap4/Grafico_4_Zonas_P_inicial.png>
Package pdftex.def Info: Figures/Cap4/Grafico_4_Zonas_P_inicial.png  used on input line 137.
(pdftex.def)             Requested size: 150.56865pt x 100.37321pt.
<Figures/Cap4/Grafico_4_Zonas_S_inicial.png, id=810, 2258.4375pt x 1505.625pt>
File: Figures/Cap4/Grafico_4_Zonas_S_inicial.png Graphic file (type png)
<use Figures/Cap4/Grafico_4_Zonas_S_inicial.png>
Package pdftex.def Info: Figures/Cap4/Grafico_4_Zonas_S_inicial.png  used on input line 144.
(pdftex.def)             Requested size: 150.56865pt x 100.37321pt.
<Figures/Cap4/Grafico_4_Zonas_P_inicial_dentado.png, id=811, 735.84pt x 480.705pt>
File: Figures/Cap4/Grafico_4_Zonas_P_inicial_dentado.png Graphic file (type png)
<use Figures/Cap4/Grafico_4_Zonas_P_inicial_dentado.png>
Package pdftex.def Info: Figures/Cap4/Grafico_4_Zonas_P_inicial_dentado.png  used on input line 150.
(pdftex.def)             Requested size: 150.56865pt x 98.36179pt.
<Figures/Cap4/Grafico_4_Zonas_S_inicial_dentado.png, id=812, 735.84pt x 480.705pt>
File: Figures/Cap4/Grafico_4_Zonas_S_inicial_dentado.png Graphic file (type png)
<use Figures/Cap4/Grafico_4_Zonas_S_inicial_dentado.png>
Package pdftex.def Info: Figures/Cap4/Grafico_4_Zonas_S_inicial_dentado.png  used on input line 157.
(pdftex.def)             Requested size: 150.56865pt x 98.36179pt.
 [37 <./Figures/Cap4/Ac3(dentado).png> <./Figures/Cap4/Ac1(dentado).png> <./Figures/Cap4/Ms(dentado).png>] [38 <./Figures/Cap4/Grafico_4_Zonas_P_inicial.png> <./Figures/Cap4/Grafico_4_Zonas_S_inicial.png> <./Figures/Cap4/Grafico_4_Zonas_P_inicial_dentado.png> <./Figures/Cap4/Grafico_4_Zonas_S_inicial_dentado.png>]
<Figures/Cap4/Grafico_4_Zonas_Y.png, id=829, 735.84pt x 480.705pt>
File: Figures/Cap4/Grafico_4_Zonas_Y.png Graphic file (type png)
<use Figures/Cap4/Grafico_4_Zonas_Y.png>
Package pdftex.def Info: Figures/Cap4/Grafico_4_Zonas_Y.png  used on input line 176.
(pdftex.def)             Requested size: 150.56865pt x 98.36179pt.
<Figures/Cap4/Grafico_4_Zonas_O.png, id=830, 735.84pt x 480.705pt>
File: Figures/Cap4/Grafico_4_Zonas_O.png Graphic file (type png)
<use Figures/Cap4/Grafico_4_Zonas_O.png>
Package pdftex.def Info: Figures/Cap4/Grafico_4_Zonas_O.png  used on input line 182.
(pdftex.def)             Requested size: 150.56865pt x 98.36179pt.
<Figures/Cap4/Grafico_4_Zonas_P.png, id=831, 735.84pt x 480.705pt>
File: Figures/Cap4/Grafico_4_Zonas_P.png Graphic file (type png)
<use Figures/Cap4/Grafico_4_Zonas_P.png>
Package pdftex.def Info: Figures/Cap4/Grafico_4_Zonas_P.png  used on input line 188.
(pdftex.def)             Requested size: 150.56865pt x 98.36179pt.
<Figures/Cap4/Grafico_4_Zonas_ST.png, id=832, 735.84pt x 480.705pt>
File: Figures/Cap4/Grafico_4_Zonas_ST.png Graphic file (type png)
<use Figures/Cap4/Grafico_4_Zonas_ST.png>
Package pdftex.def Info: Figures/Cap4/Grafico_4_Zonas_ST.png  used on input line 194.
(pdftex.def)             Requested size: 150.56865pt x 98.36179pt.
 [39 <./Figures/Cap4/Grafico_4_Zonas_Y.png> <./Figures/Cap4/Grafico_4_Zonas_O.png> <./Figures/Cap4/Grafico_4_Zonas_P.png> <./Figures/Cap4/Grafico_4_Zonas_ST.png>]
File: Figures/Cap4/Grafico_4_Zonas_Y.png Graphic file (type png)
<use Figures/Cap4/Grafico_4_Zonas_Y.png>
Package pdftex.def Info: Figures/Cap4/Grafico_4_Zonas_Y.png  used on input line 210.
(pdftex.def)             Requested size: 150.56865pt x 98.36179pt.
File: Figures/Cap4/Grafico_4_Zonas_O.png Graphic file (type png)
<use Figures/Cap4/Grafico_4_Zonas_O.png>
Package pdftex.def Info: Figures/Cap4/Grafico_4_Zonas_O.png  used on input line 216.
(pdftex.def)             Requested size: 150.56865pt x 98.36179pt.
File: Figures/Cap4/Grafico_4_Zonas_P.png Graphic file (type png)
<use Figures/Cap4/Grafico_4_Zonas_P.png>
Package pdftex.def Info: Figures/Cap4/Grafico_4_Zonas_P.png  used on input line 222.
(pdftex.def)             Requested size: 150.56865pt x 98.36179pt.
File: Figures/Cap4/Grafico_4_Zonas_ST.png Graphic file (type png)
<use Figures/Cap4/Grafico_4_Zonas_ST.png>
Package pdftex.def Info: Figures/Cap4/Grafico_4_Zonas_ST.png  used on input line 228.
(pdftex.def)             Requested size: 150.56865pt x 98.36179pt.
) (./Cap5_Conclusao/Cap5.tex [40]
Cap\'{\i }tulo 5.
) (./MEM_DPE.bbl [41

] [42

] [43]) (./Appendix/Ap1.tex [44]
Ap\^endice A.
<Figures/Apendix/Chemical_Comp_Coroa.png, id=864, 512.66531pt x 614.295pt>
File: Figures/Apendix/Chemical_Comp_Coroa.png Graphic file (type png)
<use Figures/Apendix/Chemical_Comp_Coroa.png>
Package pdftex.def Info: Figures/Apendix/Chemical_Comp_Coroa.png  used on input line 6.
(pdftex.def)             Requested size: 334.60568pt x 400.93672pt.
[45

 <./Figures/Apendix/Chemical_Comp_Coroa.png>] [46

]
Ap\^endice B.
<Figures/Apendix/Chemical_Comp_Caixa.png, id=873, 470.50781pt x 663.98062pt>
File: Figures/Apendix/Chemical_Comp_Caixa.png Graphic file (type png)
<use Figures/Apendix/Chemical_Comp_Caixa.png>
Package pdftex.def Info: Figures/Apendix/Chemical_Comp_Caixa.png  used on input line 14.
(pdftex.def)             Requested size: 334.60568pt x 472.19952pt.
) [47] [48 <./Figures/Apendix/Chemical_Comp_Caixa.png>] [49] (./MEM_DPE.aux (./packMEM/MEM22_begin.aux))
Package rerunfilecheck Info: File `MEM_DPE.out' has not changed.
(rerunfilecheck)             Checksum: C54873A4645854057BFCCA5017BFBCEC;6530.
 ) 
Here is how much of TeX's memory you used:
 43652 strings out of 476001
 1024877 string characters out of 5793198
 1869068 words of memory out of 5000000
 63124 multiletter control sequences out of 15000+600000
 533010 words of font info for 72 fonts, out of 8000000 for 9000
 1141 hyphenation exceptions out of 8191
 114i,13n,131p,1501b,1035s stack positions out of 10000i,1000n,20000p,200000b,200000s
<c:/texlive/2023/texmf-dist/fonts/type1/public/amsfonts/cm/cmmi10.pfb><c:/texlive/2023/texmf-dist/fonts/type1/public/amsfonts/cm/cmr10.pfb><c:/texlive/2023/texmf-dist/fonts/type1/public/amsfonts/cm/cmsy10.pfb><c:/texlive/2023/texmf-dist/fonts/type1/public/amsfonts/cm/cmsy8.pfb><c:/texlive/2023/texmf-dist/fonts/type1/public/cm-super/sfbx0800.pfb><c:/texlive/2023/texmf-dist/fonts/type1/public/cm-super/sfbx1095.pfb><c:/texlive/2023/texmf-dist/fonts/type1/public/cm-super/sfbx1200.pfb><c:/texlive/2023/texmf-dist/fonts/type1/public/cm-super/sfbx1440.pfb><c:/texlive/2023/texmf-dist/fonts/type1/public/cm-super/sfbx2074.pfb><c:/texlive/2023/texmf-dist/fonts/type1/public/cm-super/sfbx2488.pfb><c:/texlive/2023/texmf-dist/fonts/type1/public/cm-super/sfrm0800.pfb><c:/texlive/2023/texmf-dist/fonts/type1/public/cm-super/sfrm1000.pfb><c:/texlive/2023/texmf-dist/fonts/type1/public/cm-super/sfrm1095.pfb><c:/texlive/2023/texmf-dist/fonts/type1/public/cm-super/sfss1000.pfb><c:/texlive/2023/texmf-dist/fonts/type1/public/cm-super/sfss1095.pfb><c:/texlive/2023/texmf-dist/fonts/type1/public/cm-super/sfss1440.pfb><c:/texlive/2023/texmf-dist/fonts/type1/public/cm-super/sfsx1095.pfb><c:/texlive/2023/texmf-dist/fonts/type1/public/cm-super/sfsx1440.pfb><c:/texlive/2023/texmf-dist/fonts/type1/public/cm-super/sfti1095.pfb>
Output written on MEM_DPE.pdf (67 pages, 88625746 bytes).
PDF statistics:
 1015 PDF objects out of 1200 (max. 8388607)
 772 compressed objects within 8 object streams
 180 named destinations out of 1000 (max. 500000)
 685 words of extra memory for PDF output out of 10000 (max. 10000000)

