\BOOKMARK [0][-]{chapter.1}{\376\377\000I\000n\000t\000r\000o\000d\000u\000\347\000\343\000o}{}% 1
\BOOKMARK [1][-]{section.1.1}{\376\377\000C\000o\000n\000t\000e\000x\000t\000u\000a\000l\000i\000z\000a\000\347\000\343\000o}{chapter.1}% 2
\BOOKMARK [1][-]{section.1.2}{\376\377\000O\000b\000j\000e\000t\000i\000v\000o\000s\000\040\000d\000a\000\040\000t\000e\000s\000e}{chapter.1}% 3
\BOOKMARK [1][-]{section.1.3}{\376\377\000A\000\040\000E\000m\000p\000r\000e\000s\000a}{chapter.1}% 4
\BOOKMARK [1][-]{section.1.4}{\376\377\000O\000r\000g\000a\000n\000i\000z\000a\000\347\000\343\000o\000\040\000d\000o\000\040\000d\000o\000c\000u\000m\000e\000n\000t\000o}{chapter.1}% 5
\BOOKMARK [0][-]{chapter.2}{\376\377\000R\000e\000v\000i\000s\000\343\000o\000\040\000B\000i\000b\000l\000i\000o\000g\000r\000\341\000f\000i\000c\000a}{}% 6
\BOOKMARK [1][-]{section.2.1}{\376\377\000C\000a\000i\000x\000a\000s\000\040\000d\000e\000\040\000V\000e\000l\000o\000c\000i\000d\000a\000d\000e}{chapter.2}% 7
\BOOKMARK [1][-]{section.2.2}{\376\377\000T\000r\000a\000t\000a\000m\000e\000n\000t\000o\000s\000\040\000T\000\351\000r\000m\000i\000c\000o\000s}{chapter.2}% 8
\BOOKMARK [2][-]{subsection.2.2.1}{\376\377\000T\000\352\000m\000p\000e\000r\000a}{section.2.2}% 9
\BOOKMARK [2][-]{subsection.2.2.2}{\376\377\000R\000e\000v\000e\000n\000i\000d\000o}{section.2.2}% 10
\BOOKMARK [2][-]{subsection.2.2.3}{\376\377\000C\000e\000m\000e\000n\000t\000a\000\347\000\343\000o}{section.2.2}% 11
\BOOKMARK [2][-]{subsection.2.2.4}{\376\377\000N\000i\000t\000r\000u\000r\000a\000\347\000\343\000o}{section.2.2}% 12
\BOOKMARK [2][-]{subsection.2.2.5}{\376\377\000C\000a\000r\000b\000o\000n\000i\000t\000r\000u\000r\000a\000\347\000\343\000o}{section.2.2}% 13
\BOOKMARK [1][-]{section.2.3}{\376\377\000S\000o\000l\000d\000a\000d\000u\000r\000a}{chapter.2}% 14
\BOOKMARK [2][-]{subsection.2.3.1}{\376\377\000S\000o\000l\000d\000a\000b\000i\000l\000i\000d\000a\000d\000e\000\040\000d\000e\000\040\000a\000\347\000o\000s\000-\000c\000a\000r\000b\000o\000n\000o}{section.2.3}% 15
\BOOKMARK [2][-]{subsection.2.3.2}{\376\377\000F\000i\000s\000s\000u\000r\000a\000\347\000\343\000o\000\040\000i\000n\000d\000u\000z\000i\000d\000a\000\040\000p\000o\000r\000\040\000h\000i\000d\000r\000o\000g\000\351\000n\000i\000o}{section.2.3}% 16
\BOOKMARK [2][-]{subsection.2.3.3}{\376\377\000D\000i\000a\000g\000r\000a\000m\000a\000s\000\040\000d\000a\000\040\000c\000u\000r\000v\000a\000\040\000d\000e\000\040\000a\000r\000r\000e\000f\000e\000c\000i\000m\000e\000n\000t\000o\000\040\000c\000o\000n\000t\000i\000n\000u\000o}{section.2.3}% 17
\BOOKMARK [2][-]{subsection.2.3.4}{\376\377\000E\000q\000u\000a\000\347\000\365\000e\000s\000\040\000p\000a\000r\000a\000\040\000p\000r\000e\000v\000i\000s\000\343\000o\000\040\000d\000e\000\040\000t\000e\000m\000p\000e\000r\000a\000t\000u\000r\000a\000s\000\040\000c\000r\000\355\000t\000i\000c\000a\000s}{section.2.3}% 18
\BOOKMARK [2][-]{subsection.2.3.5}{\376\377\000E\000q\000u\000a\000\347\000\365\000e\000s\000\040\000p\000a\000r\000a\000\040\000p\000r\000e\000v\000i\000s\000\343\000o\000\040\000d\000e\000\040\000d\000u\000r\000e\000z\000a}{section.2.3}% 19
\BOOKMARK [2][-]{subsection.2.3.6}{\376\377\000E\000s\000p\000e\000c\000t\000r\000o\000m\000e\000t\000r\000i\000a\000\040\000d\000e\000\040\000d\000e\000s\000c\000a\000r\000g\000a\000\040\000l\000u\000m\000i\000n\000e\000s\000c\000e\000n\000t\000e\000\040\000\363\000t\000i\000c\000a\000\040\000p\000o\000r\000\040\000e\000m\000i\000s\000s\000\343\000o\000\040\000d\000e\000\040\000g\000\341\000s}{section.2.3}% 20
\BOOKMARK [0][-]{chapter.3}{\376\377\000M\000a\000t\000e\000r\000i\000a\000i\000s\000\040\000e\000\040\000M\000\351\000t\000o\000d\000o\000s}{}% 21
\BOOKMARK [1][-]{section.3.1}{\376\377\000I\000n\000t\000r\000o\000d\000u\000\347\000\343\000o}{chapter.3}% 22
\BOOKMARK [1][-]{section.3.2}{\376\377\000C\000a\000s\000o\000\040\000d\000e\000\040\000e\000s\000t\000u\000d\000o}{chapter.3}% 23
\BOOKMARK [2][-]{subsection.3.2.1}{\376\377\000P\000r\000o\000c\000e\000s\000s\000o\000\040\000d\000e\000\040\000o\000b\000t\000e\000n\000\347\000\343\000o\000\040\000d\000a\000\040\000p\000e\000\347\000a\000\040\000b\000r\000a\000n\000c\000a}{section.3.2}% 24
\BOOKMARK [2][-]{subsection.3.2.2}{\376\377\000P\000r\000o\000c\000e\000s\000s\000o\000\040\000d\000e\000\040\000t\000r\000a\000t\000a\000m\000e\000n\000t\000o\000s\000\040\000t\000\351\000r\000m\000i\000c\000o\000s}{section.3.2}% 25
\BOOKMARK [2][-]{subsection.3.2.3}{\376\377\000P\000r\000o\000c\000e\000s\000s\000o\000\040\000d\000e\000\040\000t\000o\000r\000n\000e\000a\000m\000e\000n\000t\000o\000\040\000d\000u\000r\000o}{section.3.2}% 26
\BOOKMARK [2][-]{subsection.3.2.4}{\376\377\000P\000r\000e\000n\000s\000a\000g\000e\000m\000\040\000e\000\040\000S\000o\000l\000d\000a\000d\000u\000r\000a}{section.3.2}% 27
\BOOKMARK [1][-]{section.3.3}{\376\377\000C\000o\000n\000c\000e\000\347\000\343\000o\000\040\000d\000a\000\040\000f\000e\000r\000r\000a\000m\000e\000n\000t\000a}{chapter.3}% 28
\BOOKMARK [2][-]{subsection.3.3.1}{\376\377\000S\000i\000m\000u\000l\000a\000\347\000\343\000o\000\040\000d\000a\000s\000\040\000p\000e\000\347\000a\000s\000\040\000d\000e\000\040\000s\000\351\000r\000i\000e}{section.3.3}% 29
\BOOKMARK [2][-]{subsection.3.3.2}{\376\377\000S\000i\000m\000u\000l\000a\000\347\000\343\000o\000\040\000d\000a\000\040\000t\000a\000m\000p\000a\000\040\000s\000i\000m\000p\000l\000e\000s}{section.3.3}% 30
\BOOKMARK [2][-]{subsection.3.3.3}{\376\377\000P\000r\000o\000t\000o\000t\000i\000p\000a\000g\000e\000m\000\040\000d\000a\000\040\000t\000a\000m\000p\000a\000\040\000s\000i\000m\000p\000l\000e\000s}{section.3.3}% 31
\BOOKMARK [2][-]{subsection.3.3.4}{\376\377\000E\000n\000s\000a\000i\000o\000\040\000d\000a\000\040\000p\000r\000o\000p\000o\000s\000t\000a\000\040\000i\000n\000i\000c\000i\000a\000l}{section.3.3}% 32
\BOOKMARK [2][-]{subsection.3.3.5}{\376\377\000N\000o\000v\000o\000s\000\040\000p\000r\000o\000t\000\363\000t\000i\000p\000o\000s\000\040\000e\000\040\000m\000e\000l\000h\000o\000r\000i\000a\000s}{section.3.3}% 33
\BOOKMARK [0][-]{chapter.4}{\376\377\000A\000n\000\341\000l\000i\000s\000e\000\040\000d\000e\000\040\000R\000e\000s\000u\000l\000t\000a\000d\000o\000s}{}% 34
\BOOKMARK [1][-]{section.4.1}{\376\377\000R\000e\000s\000u\000l\000t\000a\000d\000o\000s\000\040\000d\000a\000s\000\040\000s\000i\000m\000u\000l\000a\000\347\000\365\000e\000s}{chapter.4}% 35
\BOOKMARK [1][-]{section.4.2}{\376\377\000R\000e\000s\000u\000l\000t\000a\000d\000o\000s\000\040\000d\000o\000\040\000e\000n\000s\000a\000i\000o\000\040\000i\000n\000i\000c\000i\000a\000l}{chapter.4}% 36
\BOOKMARK [1][-]{section.4.3}{\376\377\000R\000e\000s\000u\000l\000t\000a\000d\000o\000s\000\040\000d\000o\000s\000\040\000e\000n\000s\000a\000i\000o\000s\000\040\000n\000o\000s\000\040\000p\000r\000o\000t\000\363\000t\000i\000p\000o\000s\000\040\000a\000p\000r\000i\000m\000o\000r\000a\000d\000o\000s}{chapter.4}% 37
\BOOKMARK [1][-]{section.4.4}{\376\377\000R\000e\000s\000u\000l\000t\000a\000d\000o\000s\000\040\000d\000a\000\040\000E\000s\000p\000e\000c\000t\000r\000o\000s\000c\000o\000p\000i\000a}{chapter.4}% 38
\BOOKMARK [0][-]{chapter.5}{\376\377\000C\000o\000n\000c\000l\000u\000s\000\343\000o}{}% 39
\BOOKMARK [0][-]{chapter.5}{\376\377\000R\000e\000f\000e\000r\000\352\000n\000c\000i\000a\000s}{}% 40
\BOOKMARK [0][-]{appendix.A}{\376\377\000A\000p\000\352\000n\000d\000i\000c\000e\000s}{}% 41
\BOOKMARK [1][-]{section.A.1}{\376\377\000A\000p\000\352\000n\000d\000i\000c\000e\000\040\0001}{appendix.A}% 42
\BOOKMARK [1][-]{section.A.2}{\376\377\000A\000p\000\352\000n\000d\000i\000c\000e\000\040\0002}{appendix.A}% 43
\BOOKMARK [1][-]{section.A.3}{\376\377\000A\000p\000\352\000n\000d\000i\000c\000e\000\040\0003}{appendix.A}% 44
